[Container] 2026/02/04 17:03:22.614000 Running on CodeBuild On-demand
[Container] 2026/02/04 17:03:22.614012 Waiting for agent ping
[Container] 2026/02/04 17:03:23.920114 Waiting for DOWNLOAD_SOURCE
[Container] 2026/02/04 17:03:27.697811 Phase is DOWNLOAD_SOURCE
[Container] 2026/02/04 17:03:27.698791 CODEBUILD_SRC_DIR=/codebuild/output/src912/src
[Container] 2026/02/04 17:03:27.698876 CODEBUILD_SRC_DIR_inventory=/codebuild/output/src912/src/s3/01
[Container] 2026/02/04 17:03:27.699789 YAML location is /codebuild/readonly/buildspec.yml
[Container] 2026/02/04 17:03:27.699911 No commands found for phase name: install
[Container] 2026/02/04 17:03:27.701292 Processing environment variables
[Container] 2026/02/04 17:03:27.740265 [WARN] Skipping install of runtimes. Runtime version selection is not supported by this build image.
[Container] 2026/02/04 17:03:27.783821 Moving to directory /codebuild/output/src912/src
[Container] 2026/02/04 17:03:27.783850 Cache is not defined in the buildspec
[Container] 2026/02/04 17:03:27.821885 Skip cache due to: no paths specified to be cached
[Container] 2026/02/04 17:03:27.822119 Registering with agent
[Container] 2026/02/04 17:03:27.855743 Phases found in YAML: 3
[Container] 2026/02/04 17:03:27.855771  INSTALL: 0 commands
[Container] 2026/02/04 17:03:27.855775  BUILD: 1 commands
[Container] 2026/02/04 17:03:27.855777  POST_BUILD: 1 commands
[Container] 2026/02/04 17:03:27.856048 Phase complete: DOWNLOAD_SOURCE State: SUCCEEDED
[Container] 2026/02/04 17:03:27.856067 Phase context status code:  Message: 
[Container] 2026/02/04 17:03:27.959257 Entering phase INSTALL
[Container] 2026/02/04 17:03:28.032064 Phase complete: INSTALL State: SUCCEEDED
[Container] 2026/02/04 17:03:28.032097 Phase context status code:  Message: 
[Container] 2026/02/04 17:03:28.067214 Entering phase PRE_BUILD
[Container] 2026/02/04 17:03:28.070150 Phase complete: PRE_BUILD State: SUCCEEDED
[Container] 2026/02/04 17:03:28.070166 Phase context status code:  Message: 
[Container] 2026/02/04 17:03:28.105541 Entering phase BUILD
[Container] 2026/02/04 17:03:28.106184 Running command # See the log above for errors!!!

# Define playbook parameters. This is managed by terraform.
export PLAYBOOK="elastic_agents"
export ARTIFACTS_BUCKET="hedgeserv-shd-lz-us-east-2-s3-artifacts"
export ARTIFACTS_BUCKET_KMS="90e626ee-76bd-4c5f-a4ba-a6027ce22b62"

if [[ x != x ]]; then
    export ENVIRONMENT=""
fi

printenv | sort | grep -v GITHUB_TOKEN | tee /tmp/env.txt

echo "Set python files in inventory as executable"
find $CODEBUILD_SRC_DIR_inventory/ -type f -name *.py -exec chmod a+x {} \;

echo "Change dir to /opt/ansible/playbooks/$PLAYBOOK"
cd /opt/ansible/playbooks/$PLAYBOOK/

bash buildspec.sh

APP_CODE=
ARTIFACTS_BUCKET=hedgeserv-shd-lz-us-east-2-s3-artifacts
ARTIFACTS_BUCKET_KMS=90e626ee-76bd-4c5f-a4ba-a6027ce22b62
AWS_CONTAINER_CREDENTIALS_RELATIVE_URI=/v2/credentials/22b4936f-08cf-40af-8cfb-71588d3c4c47
AWS_DEFAULT_REGION=us-east-2
AWS_EXECUTION_ENV=AWS_ECS_EC2
AWS_REGION=us-east-2
CHECK_MODE=false
CODEBUILD_ACTION_RUNNER_URL=https://codefactory-us-east-2-prod-default-build-agent-executor.s3.us-east-2.amazonaws.com/cawsrunner.zip
CODEBUILD_AGENT_ENDPOINT=http://127.0.0.1:7831
CODEBUILD_AUTH_TOKEN=37fc2282-4589-49fb-9e17-550569fad36b
CODEBUILD_BMR_URL=https://CODEBUILD_AGENT:3000
CODEBUILD_BUILD_ARN=arn:aws:codebuild:us-east-2:469620122115:build/core-shd-ansible-us-east-2-playbook-elastic_agents:cce22a91-9a4b-4152-82a4-7016c76c8d1c
CODEBUILD_BUILD_ID=core-shd-ansible-us-east-2-playbook-elastic_agents:cce22a91-9a4b-4152-82a4-7016c76c8d1c
CODEBUILD_BUILD_IMAGE=469620122115.dkr.ecr.us-east-2.amazonaws.com/core-shd-ansible-us-east-2-ecr-hs_playbooks:latest
CODEBUILD_BUILD_NUMBER=7486
CODEBUILD_BUILD_SUCCEEDING=1
CODEBUILD_BUILD_URL=https://us-east-2.console.aws.amazon.com/codebuild/home?region=us-east-2#/builds/core-shd-ansible-us-east-2-playbook-elastic_agents:cce22a91-9a4b-4152-82a4-7016c76c8d1c/view/new
CODEBUILD_CI=true
CODEBUILD_CONTAINER_NAME=default
CODEBUILD_CTS_ENDPOINT=https://codebuild-builds.us-east-2.amazonaws.com
CODEBUILD_EXECUTION_ROLE_BUILD=true
CODEBUILD_FE_REPORT_ENDPOINT=https://codebuild.us-east-2.amazonaws.com/
CODEBUILD_GOPATH=/codebuild/output/src912
CODEBUILD_INITIATOR=aws_ITSMA/oolajide@hedgeserv.com
CODEBUILD_KMS_KEY_ID=arn:aws:kms:us-east-2:469620122115:alias/aws/s3
CODEBUILD_LAST_EXIT=0
CODEBUILD_LOG_PATH=cce22a91-9a4b-4152-82a4-7016c76c8d1c
CODEBUILD_PROJECT_ARN=arn:aws:codebuild:us-east-2:469620122115:project/core-shd-ansible-us-east-2-playbook-elastic_agents
CODEBUILD_PROJECT_UUID=f8eb8aa9-1944-43ae-9108-13c79add1f58
CODEBUILD_SCRIPT_DIR=/codebuild/output/tmp
CODEBUILD_SOURCE_REPO_URL_inventory=hedgeserv-shd-ansible-us-east-2-s3-inventory/
CODEBUILD_SRC_DIR=/codebuild/output/src912/src
CODEBUILD_SRC_DIR_inventory=/codebuild/output/src912/src/s3/01
CODEBUILD_START_TIME=1770224475141
CODEBUILD_VPC_AZ=us-east-2b
CTS_LINK_LOCAL_ADDR=169.254.170.3
ECS_AGENT_URI=http://169.254.170.2/api/867f260f-bc0d-4eec-9e52-6675b60000d2
ECS_CONTAINER_METADATA_URI=http://169.254.170.2/v3/867f260f-bc0d-4eec-9e52-6675b60000d2
ECS_CONTAINER_METADATA_URI_V4=http://169.254.170.2/v4/867f260f-bc0d-4eec-9e52-6675b60000d2
ELASTIC_ROLE=
ENVIRONMENT=HSC
EXTRA_VARS=
FE_REPORT_LINK_LOCAL_ADDR=169.254.170.8
FORCE_AGENT_RESET=False
FORKS=30
GOPATH=/codebuild/output/src912
HOME=/root
HOSTNAME=ip-10-124-253-97.us-east-2.compute.internal
HSRC=/root/.hsrc
LIST=cs51-21xash105,CS51-21XASH105,cs51-21xash601,CS51-21XASH601,cs51-21xash602,CS51-21XASH602,cs51-21xash603,CS51-21XASH603,cs51-21xash604,CS51-21XASH604,cs51-21xash605,CS51-21XASH605,cs51-22appdsh01,CS51-22APPDSH01,cs51-22hynuml01,CS51-22HYNUML01,cs51-22im01,CS51-22IM01,cs51-50oktst01,CS51-50OKTST01,cs51-drchef01,CS51-DRCHEF01,cs51-drrepo01,CS51-DRREPO01,cs51-drrepo02,CS51-DRREPO02,cs51-drrepo03,CS51-DRREPO03,cs51-dummy,CS51-DUMMY
MAVEN_OPTS=-Dmaven.wagon.httpconnectionManager.maxPerRoute=2
OLDPWD=/codebuild/readonly
OS=
PATH=/opt/ansible/bin:/opt/chefdk/bin:/opt/python3/bin:/usr/local/sbin:/usr/local/bin:/usr/sbin:/usr/bin:/sbin:/bin:/codebuild/user/bin
PLAYBOOK=elastic_agents
PWD=/codebuild/output/src912/src
SHLVL=2
UV_SYSTEM_PYTHON=1
VERBOSE=false
_=/usr/bin/printenv
Set python files in inventory as executable
Change dir to /opt/ansible/playbooks/elastic_agents
Successfully configured pip to use AWS CodeArtifact repository https://hedgeserv-469620122115.d.codeartifact.us-east-2.amazonaws.com/pypi/hs-repo/ 
Login expires in 12 hours at 2026-02-05 05:03:29+00:00
Looking in indexes: https://aws:****@hedgeserv-469620122115.d.codeartifact.us-east-2.amazonaws.com/pypi/hs-repo/simple/
Collecting hs-cicd-tools
  Downloading https://hedgeserv-469620122115.d.codeartifact.us-east-2.amazonaws.com/pypi/hs-repo/simple/hs-cicd-tools/8.70.0/hs_cicd_tools-8.70.0.zip (493 kB)
     ━━━━━━━━━━━━━━━━━━━━━━━━━━━━━━━━━━━━━━ 493.6/493.6 kB 22.7 MB/s eta 0:00:00
  Preparing metadata (setup.py): started
  Preparing metadata (setup.py): finished with status 'done'
Collecting kubernetes==27.2.0
  Downloading https://hedgeserv-469620122115.d.codeartifact.us-east-2.amazonaws.com/pypi/hs-repo/simple/kubernetes/27.2.0/kubernetes-27.2.0-py2.py3-none-any.whl (1.5 MB)
     ━━━━━━━━━━━━━━━━━━━━━━━━━━━━━━━━━━━━━━━━ 1.5/1.5 MB 33.5 MB/s eta 0:00:00
Collecting docker==7.1.0
  Downloading https://hedgeserv-469620122115.d.codeartifact.us-east-2.amazonaws.com/pypi/hs-repo/simple/docker/7.1.0/docker-7.1.0-py3-none-any.whl (147 kB)
     ━━━━━━━━━━━━━━━━━━━━━━━━━━━━━━━━━━━━━━ 147.8/147.8 kB 30.6 MB/s eta 0:00:00
Collecting boto3==1.40.61
  Downloading https://hedgeserv-469620122115.d.codeartifact.us-east-2.amazonaws.com/pypi/hs-repo/simple/boto3/1.40.61/boto3-1.40.61-py3-none-any.whl (139 kB)
     ━━━━━━━━━━━━━━━━━━━━━━━━━━━━━━━━━━━━━━ 139.3/139.3 kB 26.1 MB/s eta 0:00:00
Collecting botocore==1.40.61
  Downloading https://hedgeserv-469620122115.d.codeartifact.us-east-2.amazonaws.com/pypi/hs-repo/simple/botocore/1.40.61/botocore-1.40.61-py3-none-any.whl (14.1 MB)
     ━━━━━━━━━━━━━━━━━━━━━━━━━━━━━━━━━━━━━━━━ 14.1/14.1 MB 69.1 MB/s eta 0:00:00
Requirement already satisfied: aws-adfs>=1.24.5 in /opt/ansible/lib/python3.10/site-packages (from hs-cicd-tools) (2.4.0)
Collecting boto3-stubs[s3,sqs]==1.40.61
  Downloading https://hedgeserv-469620122115.d.codeartifact.us-east-2.amazonaws.com/pypi/hs-repo/simple/boto3-stubs/1.40.61/boto3_stubs-1.40.61-py3-none-any.whl (69 kB)
     ━━━━━━━━━━━━━━━━━━━━━━━━━━━━━━━━━━━━━━━━ 69.1/69.1 kB 25.9 MB/s eta 0:00:00
Collecting mypy-boto3==1.40.0
  Downloading https://hedgeserv-469620122115.d.codeartifact.us-east-2.amazonaws.com/pypi/hs-repo/simple/mypy-boto3/1.40.0/mypy_boto3-1.40.0-py3-none-any.whl (22 kB)
Collecting requests>=2.32.3
  Downloading https://hedgeserv-469620122115.d.codeartifact.us-east-2.amazonaws.com/pypi/hs-repo/simple/requests/2.32.5/requests-2.32.5-py3-none-any.whl (64 kB)
     ━━━━━━━━━━━━━━━━━━━━━━━━━━━━━━━━━━━━━━━━ 64.7/64.7 kB 25.0 MB/s eta 0:00:00
Collecting PyGithub==1.55
  Downloading https://hedgeserv-469620122115.d.codeartifact.us-east-2.amazonaws.com/pypi/hs-repo/simple/pygithub/1.55/PyGithub-1.55-py3-none-any.whl (291 kB)
     ━━━━━━━━━━━━━━━━━━━━━━━━━━━━━━━━━━━━━━ 291.7/291.7 kB 76.9 MB/s eta 0:00:00
Requirement already satisfied: pyyaml>=5.3.1 in /opt/ansible/lib/python3.10/site-packages (from hs-cicd-tools) (6.0.3)
Collecting yamlcore==0.0.4
  Downloading https://hedgeserv-469620122115.d.codeartifact.us-east-2.amazonaws.com/pypi/hs-repo/simple/yamlcore/0.0.4/yamlcore-0.0.4-py3-none-any.whl (6.0 kB)
Requirement already satisfied: jinja2>=1.2 in /opt/ansible/lib/python3.10/site-packages (from hs-cicd-tools) (3.1.2)
Collecting retry==0.9.2
  Downloading https://hedgeserv-469620122115.d.codeartifact.us-east-2.amazonaws.com/pypi/hs-repo/simple/retry/0.9.2/retry-0.9.2-py2.py3-none-any.whl (8.0 kB)
Collecting croniter==1.3.8
  Downloading https://hedgeserv-469620122115.d.codeartifact.us-east-2.amazonaws.com/pypi/hs-repo/simple/croniter/1.3.8/croniter-1.3.8-py2.py3-none-any.whl (18 kB)
Collecting deepdiff==6.3.0
  Downloading https://hedgeserv-469620122115.d.codeartifact.us-east-2.amazonaws.com/pypi/hs-repo/simple/deepdiff/6.3.0/deepdiff-6.3.0-py3-none-any.whl (69 kB)
     ━━━━━━━━━━━━━━━━━━━━━━━━━━━━━━━━━━━━━━━━ 69.7/69.7 kB 26.8 MB/s eta 0:00:00
Collecting twine==5.0.0
  Downloading https://hedgeserv-469620122115.d.codeartifact.us-east-2.amazonaws.com/pypi/hs-repo/simple/twine/5.0.0/twine-5.0.0-py3-none-any.whl (37 kB)
Requirement already satisfied: tzdata>=2022.2 in /opt/ansible/lib/python3.10/site-packages (from hs-cicd-tools) (2025.3)
Collecting pytz>=2024.2
  Downloading https://hedgeserv-469620122115.d.codeartifact.us-east-2.amazonaws.com/pypi/hs-repo/simple/pytz/2025.2/pytz-2025.2-py2.py3-none-any.whl (509 kB)
     ━━━━━━━━━━━━━━━━━━━━━━━━━━━━━━━━━━━━━ 509.2/509.2 kB 116.4 MB/s eta 0:00:00
Collecting atlassian-python-api==3.41.11
  Downloading https://hedgeserv-469620122115.d.codeartifact.us-east-2.amazonaws.com/pypi/hs-repo/simple/atlassian-python-api/3.41.11/atlassian_python_api-3.41.11-py3-none-any.whl (173 kB)
     ━━━━━━━━━━━━━━━━━━━━━━━━━━━━━━━━━━━━━━ 173.3/173.3 kB 58.8 MB/s eta 0:00:00
Collecting openpyxl==3.1.2
  Downloading https://hedgeserv-469620122115.d.codeartifact.us-east-2.amazonaws.com/pypi/hs-repo/simple/openpyxl/3.1.2/openpyxl-3.1.2-py2.py3-none-any.whl (249 kB)
     ━━━━━━━━━━━━━━━━━━━━━━━━━━━━━━━━━━━━━━ 250.0/250.0 kB 70.5 MB/s eta 0:00:00
Collecting ruamel.yaml==0.18.10
  Downloading https://hedgeserv-469620122115.d.codeartifact.us-east-2.amazonaws.com/pypi/hs-repo/simple/ruamel-yaml/0.18.10/ruamel.yaml-0.18.10-py3-none-any.whl (117 kB)
     ━━━━━━━━━━━━━━━━━━━━━━━━━━━━━━━━━━━━━━ 117.7/117.7 kB 42.9 MB/s eta 0:00:00
Collecting greenlet==3.2.2
  Downloading https://hedgeserv-469620122115.d.codeartifact.us-east-2.amazonaws.com/pypi/hs-repo/simple/greenlet/3.2.2/greenlet-3.2.2-cp310-cp310-manylinux_2_24_x86_64.manylinux_2_28_x86_64.whl (580 kB)
     ━━━━━━━━━━━━━━━━━━━━━━━━━━━━━━━━━━━━━ 580.6/580.6 kB 106.8 MB/s eta 0:00:00
Collecting oauthlib
  Downloading https://hedgeserv-469620122115.d.codeartifact.us-east-2.amazonaws.com/pypi/hs-repo/simple/oauthlib/3.3.1/oauthlib-3.3.1-py3-none-any.whl (160 kB)
     ━━━━━━━━━━━━━━━━━━━━━━━━━━━━━━━━━━━━━━ 160.1/160.1 kB 51.4 MB/s eta 0:00:00
Requirement already satisfied: six in /opt/ansible/lib/python3.10/site-packages (from atlassian-python-api==3.41.11->hs-cicd-tools) (1.17.0)
Collecting beautifulsoup4
  Downloading https://hedgeserv-469620122115.d.codeartifact.us-east-2.amazonaws.com/pypi/hs-repo/simple/beautifulsoup4/4.14.3/beautifulsoup4-4.14.3-py3-none-any.whl (107 kB)
     ━━━━━━━━━━━━━━━━━━━━━━━━━━━━━━━━━━━━━━ 107.7/107.7 kB 38.4 MB/s eta 0:00:00
Collecting deprecated
  Downloading https://hedgeserv-469620122115.d.codeartifact.us-east-2.amazonaws.com/pypi/hs-repo/simple/deprecated/1.3.1/deprecated-1.3.1-py2.py3-none-any.whl (11 kB)
Collecting requests-oauthlib
  Downloading https://hedgeserv-469620122115.d.codeartifact.us-east-2.amazonaws.com/pypi/hs-repo/simple/requests-oauthlib/2.0.0/requests_oauthlib-2.0.0-py2.py3-none-any.whl (24 kB)
Requirement already satisfied: jmespath in /opt/ansible/lib/python3.10/site-packages (from atlassian-python-api==3.41.11->hs-cicd-tools) (1.0.1)
Collecting s3transfer<0.15.0,>=0.14.0
  Downloading https://hedgeserv-469620122115.d.codeartifact.us-east-2.amazonaws.com/pypi/hs-repo/simple/s3transfer/0.14.0/s3transfer-0.14.0-py3-none-any.whl (85 kB)
     ━━━━━━━━━━━━━━━━━━━━━━━━━━━━━━━━━━━━━━━━ 85.7/85.7 kB 28.7 MB/s eta 0:00:00
Requirement already satisfied: typing-extensions>=4.1.0 in /opt/ansible/lib/python3.10/site-packages (from boto3-stubs[s3,sqs]==1.40.61->hs-cicd-tools) (4.15.0)
Collecting types-s3transfer
  Downloading https://hedgeserv-469620122115.d.codeartifact.us-east-2.amazonaws.com/pypi/hs-repo/simple/types-s3transfer/0.16.0/types_s3transfer-0.16.0-py3-none-any.whl (19 kB)
Collecting botocore-stubs
  Downloading https://hedgeserv-469620122115.d.codeartifact.us-east-2.amazonaws.com/pypi/hs-repo/simple/botocore-stubs/1.42.41/botocore_stubs-1.42.41-py3-none-any.whl (66 kB)
     ━━━━━━━━━━━━━━━━━━━━━━━━━━━━━━━━━━━━━━━━ 66.8/66.8 kB 24.2 MB/s eta 0:00:00
Collecting mypy-boto3-s3<1.41.0,>=1.40.0
  Downloading https://hedgeserv-469620122115.d.codeartifact.us-east-2.amazonaws.com/pypi/hs-repo/simple/mypy-boto3-s3/1.40.61/mypy_boto3_s3-1.40.61-py3-none-any.whl (82 kB)
     ━━━━━━━━━━━━━━━━━━━━━━━━━━━━━━━━━━━━━━━━ 82.8/82.8 kB 28.9 MB/s eta 0:00:00
Collecting mypy-boto3-sqs<1.41.0,>=1.40.0
  Downloading https://hedgeserv-469620122115.d.codeartifact.us-east-2.amazonaws.com/pypi/hs-repo/simple/mypy-boto3-sqs/1.40.61/mypy_boto3_sqs-1.40.61-py3-none-any.whl (33 kB)
Requirement already satisfied: urllib3!=2.2.0,<3,>=1.25.4 in /opt/ansible/lib/python3.10/site-packages (from botocore==1.40.61->hs-cicd-tools) (1.26.20)
Requirement already satisfied: python-dateutil<3.0.0,>=2.1 in /opt/ansible/lib/python3.10/site-packages (from botocore==1.40.61->hs-cicd-tools) (2.8.2)
Collecting ordered-set<4.2.0,>=4.0.2
  Downloading https://hedgeserv-469620122115.d.codeartifact.us-east-2.amazonaws.com/pypi/hs-repo/simple/ordered-set/4.1.0/ordered_set-4.1.0-py3-none-any.whl (7.6 kB)
Collecting google-auth>=1.0.1
  Downloading https://hedgeserv-469620122115.d.codeartifact.us-east-2.amazonaws.com/pypi/hs-repo/simple/google-auth/2.48.0/google_auth-2.48.0-py3-none-any.whl (236 kB)
     ━━━━━━━━━━━━━━━━━━━━━━━━━━━━━━━━━━━━━━ 236.5/236.5 kB 52.2 MB/s eta 0:00:00
Collecting websocket-client!=0.40.0,!=0.41.*,!=0.42.*,>=0.32.0
  Downloading https://hedgeserv-469620122115.d.codeartifact.us-east-2.amazonaws.com/pypi/hs-repo/simple/websocket-client/1.9.0/websocket_client-1.9.0-py3-none-any.whl (82 kB)
     ━━━━━━━━━━━━━━━━━━━━━━━━━━━━━━━━━━━━━━━━ 82.6/82.6 kB 30.9 MB/s eta 0:00:00
Requirement already satisfied: certifi>=14.05.14 in /opt/ansible/lib/python3.10/site-packages (from kubernetes==27.2.0->hs-cicd-tools) (2026.1.4)
Collecting et-xmlfile
  Downloading https://hedgeserv-469620122115.d.codeartifact.us-east-2.amazonaws.com/pypi/hs-repo/simple/et-xmlfile/2.0.0/et_xmlfile-2.0.0-py3-none-any.whl (18 kB)
Collecting pynacl>=1.4.0
  Downloading https://hedgeserv-469620122115.d.codeartifact.us-east-2.amazonaws.com/pypi/hs-repo/simple/pynacl/1.6.2/pynacl-1.6.2-cp38-abi3-manylinux_2_34_x86_64.whl (1.4 MB)
     ━━━━━━━━━━━━━━━━━━━━━━━━━━━━━━━━━━━━━━━━ 1.4/1.4 MB 117.5 MB/s eta 0:00:00
Collecting pyjwt>=2.0
  Downloading https://hedgeserv-469620122115.d.codeartifact.us-east-2.amazonaws.com/pypi/hs-repo/simple/pyjwt/2.11.0/pyjwt-2.11.0-py3-none-any.whl (28 kB)
Collecting py<2.0.0,>=1.4.26
  Downloading https://hedgeserv-469620122115.d.codeartifact.us-east-2.amazonaws.com/pypi/hs-repo/simple/py/1.11.0/py-1.11.0-py2.py3-none-any.whl (98 kB)
     ━━━━━━━━━━━━━━━━━━━━━━━━━━━━━━━━━━━━━━━━ 98.7/98.7 kB 31.3 MB/s eta 0:00:00
Requirement already satisfied: decorator>=3.4.2 in /opt/ansible/lib/python3.10/site-packages (from retry==0.9.2->hs-cicd-tools) (5.2.1)
Requirement already satisfied: ruamel.yaml.clib>=0.2.7 in /opt/ansible/lib/python3.10/site-packages (from ruamel.yaml==0.18.10->hs-cicd-tools) (0.2.15)
Collecting requests-toolbelt!=0.9.0,>=0.8.0
  Downloading https://hedgeserv-469620122115.d.codeartifact.us-east-2.amazonaws.com/pypi/hs-repo/simple/requests-toolbelt/1.0.0/requests_toolbelt-1.0.0-py2.py3-none-any.whl (54 kB)
     ━━━━━━━━━━━━━━━━━━━━━━━━━━━━━━━━━━━━━━━━ 54.5/54.5 kB 19.7 MB/s eta 0:00:00
Collecting readme-renderer>=35.0
  Downloading https://hedgeserv-469620122115.d.codeartifact.us-east-2.amazonaws.com/pypi/hs-repo/simple/readme-renderer/44.0/readme_renderer-44.0-py3-none-any.whl (13 kB)
Requirement already satisfied: rich>=12.0.0 in /opt/ansible/lib/python3.10/site-packages (from twine==5.0.0->hs-cicd-tools) (14.2.0)
Collecting pkginfo>=1.8.1
  Downloading https://hedgeserv-469620122115.d.codeartifact.us-east-2.amazonaws.com/pypi/hs-repo/simple/pkginfo/1.12.1.2/pkginfo-1.12.1.2-py3-none-any.whl (32 kB)
Collecting importlib-metadata>=3.6
  Downloading https://hedgeserv-469620122115.d.codeartifact.us-east-2.amazonaws.com/pypi/hs-repo/simple/importlib-metadata/8.7.1/importlib_metadata-8.7.1-py3-none-any.whl (27 kB)
Collecting keyring>=15.1
  Downloading https://hedgeserv-469620122115.d.codeartifact.us-east-2.amazonaws.com/pypi/hs-repo/simple/keyring/25.7.0/keyring-25.7.0-py3-none-any.whl (39 kB)
Requirement already satisfied: rfc3986>=1.4.0 in /opt/ansible/lib/python3.10/site-packages (from twine==5.0.0->hs-cicd-tools) (2.0.0)
Requirement already satisfied: requests-kerberos<0.15,>=0.14 in /opt/ansible/lib/python3.10/site-packages (from aws-adfs>=1.24.5->hs-cicd-tools) (0.14.0)
Requirement already satisfied: fido2<2.0,>=1.0 in /opt/ansible/lib/python3.10/site-packages (from aws-adfs>=1.24.5->hs-cicd-tools) (1.2.0)
Requirement already satisfied: lxml<5.0,>=4.9 in /opt/ansible/lib/python3.10/site-packages (from aws-adfs>=1.24.5->hs-cicd-tools) (4.9.4)
Requirement already satisfied: click<9.0,>=8.0 in /opt/ansible/lib/python3.10/site-packages (from aws-adfs>=1.24.5->hs-cicd-tools) (8.3.1)
Requirement already satisfied: configparser==5.2 in /opt/ansible/lib/python3.10/site-packages (from aws-adfs>=1.24.5->hs-cicd-tools) (5.2.0)
Requirement already satisfied: MarkupSafe>=2.0 in /opt/ansible/lib/python3.10/site-packages (from jinja2>=1.2->hs-cicd-tools) (3.0.3)
Requirement already satisfied: charset_normalizer<4,>=2 in /opt/ansible/lib/python3.10/site-packages (from requests>=2.32.3->hs-cicd-tools) (2.1.1)
Requirement already satisfied: idna<4,>=2.5 in /opt/ansible/lib/python3.10/site-packages (from requests>=2.32.3->hs-cicd-tools) (3.11)
Requirement already satisfied: cryptography!=35,<45,>=2.6 in /opt/ansible/lib/python3.10/site-packages (from fido2<2.0,>=1.0->aws-adfs>=1.24.5->hs-cicd-tools) (38.0.4)
Requirement already satisfied: rsa<5,>=3.1.4 in /opt/ansible/lib/python3.10/site-packages (from google-auth>=1.0.1->kubernetes==27.2.0->hs-cicd-tools) (4.7.2)
Collecting pyasn1-modules>=0.2.1
  Downloading https://hedgeserv-469620122115.d.codeartifact.us-east-2.amazonaws.com/pypi/hs-repo/simple/pyasn1-modules/0.4.2/pyasn1_modules-0.4.2-py3-none-any.whl (181 kB)
     ━━━━━━━━━━━━━━━━━━━━━━━━━━━━━━━━━━━━━━ 181.3/181.3 kB 42.7 MB/s eta 0:00:00
Collecting zipp>=3.20
  Downloading https://hedgeserv-469620122115.d.codeartifact.us-east-2.amazonaws.com/pypi/hs-repo/simple/zipp/3.23.0/zipp-3.23.0-py3-none-any.whl (10 kB)
Collecting jaraco.context
  Downloading https://hedgeserv-469620122115.d.codeartifact.us-east-2.amazonaws.com/pypi/hs-repo/simple/jaraco-context/6.1.0/jaraco_context-6.1.0-py3-none-any.whl (7.1 kB)
Collecting jaraco.functools
  Downloading https://hedgeserv-469620122115.d.codeartifact.us-east-2.amazonaws.com/pypi/hs-repo/simple/jaraco-functools/4.4.0/jaraco_functools-4.4.0-py3-none-any.whl (10 kB)
Collecting jeepney>=0.4.2
  Downloading https://hedgeserv-469620122115.d.codeartifact.us-east-2.amazonaws.com/pypi/hs-repo/simple/jeepney/0.9.0/jeepney-0.9.0-py3-none-any.whl (49 kB)
     ━━━━━━━━━━━━━━━━━━━━━━━━━━━━━━━━━━━━━━━━ 49.0/49.0 kB 14.3 MB/s eta 0:00:00
Collecting jaraco.classes
  Downloading https://hedgeserv-469620122115.d.codeartifact.us-east-2.amazonaws.com/pypi/hs-repo/simple/jaraco-classes/3.4.0/jaraco.classes-3.4.0-py3-none-any.whl (6.8 kB)
Collecting SecretStorage>=3.2
  Downloading https://hedgeserv-469620122115.d.codeartifact.us-east-2.amazonaws.com/pypi/hs-repo/simple/secretstorage/3.5.0/secretstorage-3.5.0-py3-none-any.whl (15 kB)
Requirement already satisfied: cffi>=2.0.0 in /opt/ansible/lib/python3.10/site-packages (from pynacl>=1.4.0->PyGithub==1.55->hs-cicd-tools) (2.0.0)
Collecting nh3>=0.2.14
  Downloading https://hedgeserv-469620122115.d.codeartifact.us-east-2.amazonaws.com/pypi/hs-repo/simple/nh3/0.3.2/nh3-0.3.2-cp38-abi3-manylinux_2_17_x86_64.manylinux2014_x86_64.whl (797 kB)
     ━━━━━━━━━━━━━━━━━━━━━━━━━━━━━━━━━━━━━━ 797.2/797.2 kB 84.4 MB/s eta 0:00:00
Requirement already satisfied: Pygments>=2.5.1 in /opt/ansible/lib/python3.10/site-packages (from readme-renderer>=35.0->twine==5.0.0->hs-cicd-tools) (2.19.2)
Collecting docutils>=0.21.2
  Downloading https://hedgeserv-469620122115.d.codeartifact.us-east-2.amazonaws.com/pypi/hs-repo/simple/docutils/0.22.4/docutils-0.22.4-py3-none-any.whl (633 kB)
     ━━━━━━━━━━━━━━━━━━━━━━━━━━━━━━━━━━━━━━ 633.2/633.2 kB 84.0 MB/s eta 0:00:00
Requirement already satisfied: pyspnego[kerberos] in /opt/ansible/lib/python3.10/site-packages (from requests-kerberos<0.15,>=0.14->aws-adfs>=1.24.5->hs-cicd-tools) (0.12.0)
Requirement already satisfied: markdown-it-py>=2.2.0 in /opt/ansible/lib/python3.10/site-packages (from rich>=12.0.0->twine==5.0.0->hs-cicd-tools) (4.0.0)
Collecting soupsieve>=1.6.1
  Downloading https://hedgeserv-469620122115.d.codeartifact.us-east-2.amazonaws.com/pypi/hs-repo/simple/soupsieve/2.8.3/soupsieve-2.8.3-py3-none-any.whl (37 kB)
Collecting types-awscrt
  Downloading https://hedgeserv-469620122115.d.codeartifact.us-east-2.amazonaws.com/pypi/hs-repo/simple/types-awscrt/0.31.1/types_awscrt-0.31.1-py3-none-any.whl (42 kB)
     ━━━━━━━━━━━━━━━━━━━━━━━━━━━━━━━━━━━━━━━━ 42.5/42.5 kB 9.8 MB/s eta 0:00:00
Requirement already satisfied: wrapt<3,>=1.10 in /opt/ansible/lib/python3.10/site-packages (from deprecated->atlassian-python-api==3.41.11->hs-cicd-tools) (2.0.1)
Requirement already satisfied: pycparser in /opt/ansible/lib/python3.10/site-packages (from cffi>=2.0.0->pynacl>=1.4.0->PyGithub==1.55->hs-cicd-tools) (2.23)
Requirement already satisfied: mdurl~=0.1 in /opt/ansible/lib/python3.10/site-packages (from markdown-it-py>=2.2.0->rich>=12.0.0->twine==5.0.0->hs-cicd-tools) (0.1.2)
Requirement already satisfied: pyasn1<0.7.0,>=0.6.1 in /opt/ansible/lib/python3.10/site-packages (from pyasn1-modules>=0.2.1->google-auth>=1.0.1->kubernetes==27.2.0->hs-cicd-tools) (0.6.2)
Collecting more-itertools
  Downloading https://hedgeserv-469620122115.d.codeartifact.us-east-2.amazonaws.com/pypi/hs-repo/simple/more-itertools/10.8.0/more_itertools-10.8.0-py3-none-any.whl (69 kB)
     ━━━━━━━━━━━━━━━━━━━━━━━━━━━━━━━━━━━━━━━━ 69.7/69.7 kB 16.8 MB/s eta 0:00:00
Collecting backports.tarfile
  Downloading https://hedgeserv-469620122115.d.codeartifact.us-east-2.amazonaws.com/pypi/hs-repo/simple/backports-tarfile/1.2.0/backports.tarfile-1.2.0-py3-none-any.whl (30 kB)
Requirement already satisfied: gssapi>=1.6.0 in /opt/ansible/lib/python3.10/site-packages (from pyspnego[kerberos]->requests-kerberos<0.15,>=0.14->aws-adfs>=1.24.5->hs-cicd-tools) (1.10.1)
Requirement already satisfied: krb5>=0.3.0 in /opt/ansible/lib/python3.10/site-packages (from pyspnego[kerberos]->requests-kerberos<0.15,>=0.14->aws-adfs>=1.24.5->hs-cicd-tools) (0.9.0)
Building wheels for collected packages: hs-cicd-tools
  Building wheel for hs-cicd-tools (setup.py): started
  Building wheel for hs-cicd-tools (setup.py): finished with status 'done'
  Created wheel for hs-cicd-tools: filename=hs_cicd_tools-8.70.0-py3-none-any.whl size=499972 sha256=02fcc4ef0982c7c9cd6e4e54e5ecc44800b5c908c78b2ab0b5731d2a1cde987b
  Stored in directory: /root/.cache/pip/wheels/e4/04/e4/b07ec4b5dd9ecc213dd00e49575450d2d2e04d49452eabbc26
Successfully built hs-cicd-tools
Installing collected packages: pytz, zipp, yamlcore, websocket-client, types-s3transfer, types-awscrt, soupsieve, ruamel.yaml, requests, pyjwt, pyasn1-modules, py, pkginfo, ordered-set, oauthlib, nh3, mypy-boto3-sqs, mypy-boto3-s3, more-itertools, jeepney, greenlet, et-xmlfile, docutils, deprecated, backports.tarfile, retry, requests-toolbelt, requests-oauthlib, readme-renderer, pynacl, openpyxl, jaraco.functools, jaraco.context, jaraco.classes, importlib-metadata, docker, deepdiff, croniter, botocore-stubs, botocore, beautifulsoup4, SecretStorage, s3transfer, PyGithub, google-auth, boto3-stubs, atlassian-python-api, kubernetes, keyring, boto3, twine, mypy-boto3, hs-cicd-tools
  Attempting uninstall: ruamel.yaml
    Found existing installation: ruamel.yaml 0.17.40
    Uninstalling ruamel.yaml-0.17.40:
      Successfully uninstalled ruamel.yaml-0.17.40
  Attempting uninstall: requests
    Found existing installation: requests 2.28.1
    Uninstalling requests-2.28.1:
      Successfully uninstalled requests-2.28.1
  Attempting uninstall: docutils
    Found existing installation: docutils 0.19
    Uninstalling docutils-0.19:
      Successfully uninstalled docutils-0.19
  Attempting uninstall: botocore
    Found existing installation: botocore 1.42.30
    Uninstalling botocore-1.42.30:
      Successfully uninstalled botocore-1.42.30
  Attempting uninstall: s3transfer
    Found existing installation: s3transfer 0.16.0
    Uninstalling s3transfer-0.16.0:
      Successfully uninstalled s3transfer-0.16.0
  Attempting uninstall: boto3
    Found existing installation: boto3 1.42.30
    Uninstalling boto3-1.42.30:
      Successfully uninstalled boto3-1.42.30
ERROR: pip's dependency resolver does not currently take into account all the packages that are installed. This behaviour is the source of the following dependency conflicts.
solidfire-sdk-python 12.3.0.203 requires enum34>=1.1.6, which is not installed.
awscli 1.44.20 requires botocore==1.42.30, but you have botocore 1.40.61 which is incompatible.
awscli 1.44.20 requires docutils<=0.19,>=0.18.1, but you have docutils 0.22.4 which is incompatible.
awscli 1.44.20 requires s3transfer<0.17.0,>=0.16.0, but you have s3transfer 0.14.0 which is incompatible.
ansible-lint 6.9.1 requires ruamel.yaml<0.18,>=0.17.21, but you have ruamel-yaml 0.18.10 which is incompatible.
Successfully installed PyGithub-1.55 SecretStorage-3.5.0 atlassian-python-api-3.41.11 backports.tarfile-1.2.0 beautifulsoup4-4.14.3 boto3-1.40.61 boto3-stubs-1.40.61 botocore-1.40.61 botocore-stubs-1.42.41 croniter-1.3.8 deepdiff-6.3.0 deprecated-1.3.1 docker-7.1.0 docutils-0.22.4 et-xmlfile-2.0.0 google-auth-2.48.0 greenlet-3.2.2 hs-cicd-tools-8.70.0 importlib-metadata-8.7.1 jaraco.classes-3.4.0 jaraco.context-6.1.0 jaraco.functools-4.4.0 jeepney-0.9.0 keyring-25.7.0 kubernetes-27.2.0 more-itertools-10.8.0 mypy-boto3-1.40.0 mypy-boto3-s3-1.40.61 mypy-boto3-sqs-1.40.61 nh3-0.3.2 oauthlib-3.3.1 openpyxl-3.1.2 ordered-set-4.1.0 pkginfo-1.12.1.2 py-1.11.0 pyasn1-modules-0.4.2 pyjwt-2.11.0 pynacl-1.6.2 pytz-2025.2 readme-renderer-44.0 requests-2.32.5 requests-oauthlib-2.0.0 requests-toolbelt-1.0.0 retry-0.9.2 ruamel.yaml-0.18.10 s3transfer-0.14.0 soupsieve-2.8.3 twine-5.0.0 types-awscrt-0.31.1 types-s3transfer-0.16.0 websocket-client-1.9.0 yamlcore-0.0.4 zipp-3.23.0

[notice] A new release of pip is available: 23.0.1 -> 26.0
[notice] To update, run: pip install --upgrade pip
Call common buildspec
Set trap for report upload
Parse parameters
Setup boto credentials
AWS creds will expire at: 2026-02-04T18:02:32Z
'/codebuild/output/src912/src/s3/01/environment_automation.py' -> '/codebuild/output/src912/src/s3/01/HSC/'
cp: cannot create regular file '/codebuild/output/src912/src/s3/01/HSC/': Not a directory
We are running the onprem role
Execute: ansible-playbook elastic_agents.yml -i /codebuild/output/src912/src/s3/01/hsc/environment_automation.py -l cs51-21xash105,CS51-21XASH105,cs51-21xash601,CS51-21XASH601,cs51-21xash602,CS51-21XASH602,cs51-21xash603,CS51-21XASH603,cs51-21xash604,CS51-21XASH604,cs51-21xash605,CS51-21XASH605,cs51-22appdsh01,CS51-22APPDSH01,cs51-22hynuml01,CS51-22HYNUML01,cs51-22im01,CS51-22IM01,cs51-50oktst01,CS51-50OKTST01,cs51-drchef01,CS51-DRCHEF01,cs51-drrepo01,CS51-DRREPO01,cs51-drrepo02,CS51-DRREPO02,cs51-drrepo03,CS51-DRREPO03,cs51-dummy,CS51-DUMMY 
[WARNING]: Invalid characters were found in group names but not replaced, use
-vvvv to see details
[WARNING]: Could not match supplied host pattern, ignoring: CS51-21XASH105
[WARNING]: Could not match supplied host pattern, ignoring: CS51-21XASH601
[WARNING]: Could not match supplied host pattern, ignoring: CS51-21XASH602
[WARNING]: Could not match supplied host pattern, ignoring: CS51-21XASH603
[WARNING]: Could not match supplied host pattern, ignoring: CS51-21XASH604
[WARNING]: Could not match supplied host pattern, ignoring: CS51-21XASH605
[WARNING]: Could not match supplied host pattern, ignoring: CS51-22APPDSH01
[WARNING]: Could not match supplied host pattern, ignoring: CS51-22HYNUML01
[WARNING]: Could not match supplied host pattern, ignoring: CS51-22IM01
[WARNING]: Could not match supplied host pattern, ignoring: CS51-50OKTST01
[WARNING]: Could not match supplied host pattern, ignoring: CS51-DRCHEF01
[WARNING]: Could not match supplied host pattern, ignoring: CS51-DRREPO01
[WARNING]: Could not match supplied host pattern, ignoring: CS51-DRREPO02
[WARNING]: Could not match supplied host pattern, ignoring: CS51-DRREPO03
[WARNING]: Could not match supplied host pattern, ignoring: CS51-DUMMY

PLAY [Install Elastic Agents] **************************************************

TASK [Set ntlm on winRM connection if OS is ste to ntlm_enabled] ***************
skipping: [cs51-21xash602]
skipping: [cs51-21xash603]
skipping: [cs51-21xash604]
skipping: [cs51-21xash105]
skipping: [cs51-22im01]
skipping: [cs51-22appdsh01]
skipping: [cs51-dummy]
skipping: [cs51-21xash605]
skipping: [cs51-21xash601]
skipping: [cs51-drrepo03]
skipping: [cs51-drrepo02]
skipping: [cs51-drchef01]
skipping: [cs51-22hynuml01]
skipping: [cs51-50oktst01]
skipping: [cs51-drrepo01]

TASK [Get role from env] *******************************************************
ok: [cs51-21xash601]
ok: [cs51-21xash602]
ok: [cs51-21xash603]
ok: [cs51-21xash604]
ok: [cs51-21xash605]
ok: [cs51-21xash105]
ok: [cs51-22im01]
ok: [cs51-22appdsh01]
ok: [cs51-dummy]
ok: [cs51-drchef01]
ok: [cs51-50oktst01]
ok: [cs51-drrepo02]
ok: [cs51-drrepo03]
ok: [cs51-drrepo01]
ok: [cs51-22hynuml01]

TASK [Test connection] *********************************************************
ok: [cs51-21xash603]
ok: [cs51-21xash601]
ok: [cs51-21xash605]
ok: [cs51-21xash602]
ok: [cs51-21xash105]
ok: [cs51-21xash604]
ok: [cs51-22im01]
fatal: [cs51-22appdsh01]: FAILED! => {"changed": false, "elapsed": 5, "msg": "timed out waiting for ping module test: credssp: ('Connection aborted.', ConnectionResetError(104, 'Connection reset by peer'))"}
fatal: [cs51-dummy]: FAILED! => {"changed": false, "elapsed": 5, "msg": "timed out waiting for ping module test: credssp: HTTPSConnectionPool(host='cs51-dummy.hedgeservcustomers.com', port=5986): Max retries exceeded with url: /wsman (Caused by NewConnectionError('<urllib3.connection.HTTPSConnection object at 0x7faa1dfae590>: Failed to establish a new connection: [Errno -2] Name or service not known'))"}
fatal: [cs51-drchef01]: FAILED! => {"changed": false, "elapsed": 5, "msg": "timed out waiting for ping module test: Failed to connect to the host via ssh: Unable to negotiate with 10.98.2.172 port 22: no matching host key type found. Their offer: ssh-rsa,ssh-dss"}
fatal: [cs51-50oktst01]: FAILED! => {"changed": false, "elapsed": 5, "msg": "timed out waiting for ping module test: Failed to connect to the host via ssh: ssh: Could not resolve hostname cs51-50oktst01.hedgeservcustomers.com: Name or service not known"}
ok: [cs51-22hynuml01]
fatal: [cs51-drrepo03]: FAILED! => {"changed": false, "elapsed": 7, "msg": "timed out waiting for ping module test: Invalid/incorrect password: Permission denied, please try again."}
fatal: [cs51-drrepo02]: FAILED! => {"changed": false, "elapsed": 7, "msg": "timed out waiting for ping module test: Invalid/incorrect password: Permission denied, please try again."}
fatal: [cs51-drrepo01]: FAILED! => {"changed": false, "elapsed": 5, "msg": "timed out waiting for ping module test: Invalid/incorrect password: Permission denied, please try again."}

TASK [Set host domain] *********************************************************
ok: [cs51-21xash601]
ok: [cs51-21xash602]
ok: [cs51-21xash603]
ok: [cs51-21xash604]
ok: [cs51-21xash605]
ok: [cs51-21xash105]
ok: [cs51-22im01]
ok: [cs51-22hynuml01]

TASK [Load hs_role_elastic_agents] *********************************************

TASK [hs_role_elastic_agents : Set consul_var] *********************************
ok: [cs51-21xash601]
ok: [cs51-21xash602]
ok: [cs51-21xash603]
ok: [cs51-21xash604]
ok: [cs51-21xash605]
ok: [cs51-21xash105]
ok: [cs51-22im01]
ok: [cs51-22hynuml01]

TASK [hs_role_elastic_agents : debug] ******************************************
ok: [cs51-21xash601] => {
    "msg": [
        "consul_host_key -> consul_dr"
    ]
}
ok: [cs51-21xash602] => {
    "msg": [
        "consul_host_key -> consul_dr"
    ]
}
ok: [cs51-21xash603] => {
    "msg": [
        "consul_host_key -> consul_dr"
    ]
}
ok: [cs51-21xash604] => {
    "msg": [
        "consul_host_key -> consul_dr"
    ]
}
ok: [cs51-21xash605] => {
    "msg": [
        "consul_host_key -> consul_dr"
    ]
}
ok: [cs51-21xash105] => {
    "msg": [
        "consul_host_key -> consul_dr"
    ]
}
ok: [cs51-22im01] => {
    "msg": [
        "consul_host_key -> consul_dr"
    ]
}
ok: [cs51-22hynuml01] => {
    "msg": [
        "consul_host_key -> consul_dr"
    ]
}

TASK [hs_role_elastic_agents : Set consul_env] *********************************
ok: [cs51-21xash602]
ok: [cs51-21xash601]
ok: [cs51-21xash603]
ok: [cs51-21xash604]
ok: [cs51-21xash605]
ok: [cs51-21xash105]
ok: [cs51-22im01]
ok: [cs51-22hynuml01]

TASK [hs_role_elastic_agents : debug] ******************************************
ok: [cs51-21xash601] => {
    "msg": [
        "csl_env -> {'env_path': 'prod'}"
    ]
}
ok: [cs51-21xash602] => {
    "msg": [
        "csl_env -> {'env_path': 'prod'}"
    ]
}
ok: [cs51-21xash603] => {
    "msg": [
        "csl_env -> {'env_path': 'prod'}"
    ]
}
ok: [cs51-21xash604] => {
    "msg": [
        "csl_env -> {'env_path': 'prod'}"
    ]
}
ok: [cs51-21xash605] => {
    "msg": [
        "csl_env -> {'env_path': 'prod'}"
    ]
}
ok: [cs51-21xash105] => {
    "msg": [
        "csl_env -> {'env_path': 'prod'}"
    ]
}
ok: [cs51-22im01] => {
    "msg": [
        "csl_env -> {'env_path': 'prod'}"
    ]
}
ok: [cs51-22hynuml01] => {
    "msg": [
        "csl_env -> {'env_path': 'prod'}"
    ]
}

TASK [hs_role_elastic_agents : Set elasticsearch_var] **************************
ok: [cs51-21xash602]
ok: [cs51-21xash601]
ok: [cs51-21xash603]
ok: [cs51-21xash604]
ok: [cs51-21xash605]
ok: [cs51-21xash105]
ok: [cs51-22im01]
ok: [cs51-22hynuml01]

TASK [hs_role_elastic_agents : debug] ******************************************
ok: [cs51-21xash601] => {
    "msg": [
        "elasticsearch -> {'cluster': {'uuid': 'uXgaSKNVTnSv3BrGSmfmsQ', 'name': 'prod'}, 'endpoint': 'https://hselkprod-dr.hedgeserv.net:9243', 'monitoring': 'https://hselkmon-dr.hedgeserv.net:9243'}"
    ]
}
ok: [cs51-21xash602] => {
    "msg": [
        "elasticsearch -> {'cluster': {'uuid': 'uXgaSKNVTnSv3BrGSmfmsQ', 'name': 'prod'}, 'endpoint': 'https://hselkprod-dr.hedgeserv.net:9243', 'monitoring': 'https://hselkmon-dr.hedgeserv.net:9243'}"
    ]
}
ok: [cs51-21xash604] => {
    "msg": [
        "elasticsearch -> {'cluster': {'uuid': 'uXgaSKNVTnSv3BrGSmfmsQ', 'name': 'prod'}, 'endpoint': 'https://hselkprod-dr.hedgeserv.net:9243', 'monitoring': 'https://hselkmon-dr.hedgeserv.net:9243'}"
    ]
}
ok: [cs51-21xash603] => {
    "msg": [
        "elasticsearch -> {'cluster': {'uuid': 'uXgaSKNVTnSv3BrGSmfmsQ', 'name': 'prod'}, 'endpoint': 'https://hselkprod-dr.hedgeserv.net:9243', 'monitoring': 'https://hselkmon-dr.hedgeserv.net:9243'}"
    ]
}
ok: [cs51-21xash605] => {
    "msg": [
        "elasticsearch -> {'cluster': {'uuid': 'uXgaSKNVTnSv3BrGSmfmsQ', 'name': 'prod'}, 'endpoint': 'https://hselkprod-dr.hedgeserv.net:9243', 'monitoring': 'https://hselkmon-dr.hedgeserv.net:9243'}"
    ]
}
ok: [cs51-21xash105] => {
    "msg": [
        "elasticsearch -> {'cluster': {'uuid': 'uXgaSKNVTnSv3BrGSmfmsQ', 'name': 'prod'}, 'endpoint': 'https://hselkprod-dr.hedgeserv.net:9243', 'monitoring': 'https://hselkmon-dr.hedgeserv.net:9243'}"
    ]
}
ok: [cs51-22im01] => {
    "msg": [
        "elasticsearch -> {'cluster': {'uuid': 'uXgaSKNVTnSv3BrGSmfmsQ', 'name': 'prod'}, 'endpoint': 'https://hselkprod-dr.hedgeserv.net:9243', 'monitoring': 'https://hselkmon-dr.hedgeserv.net:9243'}"
    ]
}
ok: [cs51-22hynuml01] => {
    "msg": [
        "elasticsearch -> {'cluster': {'uuid': 'uXgaSKNVTnSv3BrGSmfmsQ', 'name': 'prod'}, 'endpoint': 'https://hselkprod-dr.hedgeserv.net:9243', 'monitoring': 'https://hselkmon-dr.hedgeserv.net:9243'}"
    ]
}

TASK [hs_role_elastic_agents : debug] ******************************************
ok: [cs51-21xash601] => {
    "msg": [
        "env -> PROD"
    ]
}
ok: [cs51-21xash603] => {
    "msg": [
        "env -> PROD"
    ]
}
ok: [cs51-21xash602] => {
    "msg": [
        "env -> PROD"
    ]
}
ok: [cs51-21xash604] => {
    "msg": [
        "env -> PROD"
    ]
}
ok: [cs51-21xash605] => {
    "msg": [
        "env -> PROD"
    ]
}
ok: [cs51-21xash105] => {
    "msg": [
        "env -> PROD"
    ]
}
ok: [cs51-22im01] => {
    "msg": [
        "env -> PROD"
    ]
}
ok: [cs51-22hynuml01] => {
    "msg": [
        "env -> PROD"
    ]
}

TASK [hs_role_elastic_agents : debug] ******************************************
ok: [cs51-21xash602] => {
    "msg": [
        "environment_code -> DG-DR-APPS"
    ]
}
ok: [cs51-21xash601] => {
    "msg": [
        "environment_code -> DG-DR-APPS"
    ]
}
ok: [cs51-21xash603] => {
    "msg": [
        "environment_code -> DG-DR-APPS"
    ]
}
ok: [cs51-21xash604] => {
    "msg": [
        "environment_code -> DG-DR-APPS"
    ]
}
ok: [cs51-21xash605] => {
    "msg": [
        "environment_code -> DG-DR-APPS"
    ]
}
ok: [cs51-21xash105] => {
    "msg": [
        "environment_code -> DG-DR-HSMAIN"
    ]
}
ok: [cs51-22im01] => {
    "msg": [
        "environment_code -> IMDR"
    ]
}
ok: [cs51-22hynuml01] => {
    "msg": [
        "environment_code -> MW-HY-VAL"
    ]
}

TASK [hs_role_elastic_agents : Set Version of Role] ****************************
ok: [cs51-21xash601]
ok: [cs51-21xash602]
ok: [cs51-21xash603]
ok: [cs51-21xash605]
ok: [cs51-21xash604]
ok: [cs51-21xash105]
ok: [cs51-22im01]
ok: [cs51-22hynuml01]

TASK [hs_role_elastic_agents : Include app code vars] **************************
ok: [cs51-21xash601]
ok: [cs51-21xash602]
ok: [cs51-21xash604]
ok: [cs51-21xash603]
ok: [cs51-21xash605]
ok: [cs51-21xash105]
fatal: [cs51-22im01]: FAILED! => {"ansible_facts": {}, "ansible_included_var_files": [], "changed": false, "message": "Could not find or access 'vars/app_code_config/prod/im.yml'\nSearched in:\n\t/opt/ansible/playbooks/elastic_agents/roles/hs_role_elastic_agents/vars/vars/app_code_config/prod/im.yml\n\t/opt/ansible/playbooks/elastic_agents/roles/hs_role_elastic_agents/vars/app_code_config/prod/im.yml\n\t/opt/ansible/playbooks/elastic_agents/roles/hs_role_elastic_agents/tasks/vars/vars/app_code_config/prod/im.yml\n\t/opt/ansible/playbooks/elastic_agents/roles/hs_role_elastic_agents/tasks/vars/app_code_config/prod/im.yml\n\t/opt/ansible/playbooks/elastic_agents/vars/vars/app_code_config/prod/im.yml\n\t/opt/ansible/playbooks/elastic_agents/vars/app_code_config/prod/im.yml on the Ansible Controller.\nIf you are using a module and expect the file to exist on the remote, see the remote_src option"}
...ignoring
fatal: [cs51-22hynuml01]: FAILED! => {"ansible_facts": {}, "ansible_included_var_files": [], "changed": false, "message": "Could not find or access 'vars/app_code_config/prod/nmxlic.yml'\nSearched in:\n\t/opt/ansible/playbooks/elastic_agents/roles/hs_role_elastic_agents/vars/vars/app_code_config/prod/nmxlic.yml\n\t/opt/ansible/playbooks/elastic_agents/roles/hs_role_elastic_agents/vars/app_code_config/prod/nmxlic.yml\n\t/opt/ansible/playbooks/elastic_agents/roles/hs_role_elastic_agents/tasks/vars/vars/app_code_config/prod/nmxlic.yml\n\t/opt/ansible/playbooks/elastic_agents/roles/hs_role_elastic_agents/tasks/vars/app_code_config/prod/nmxlic.yml\n\t/opt/ansible/playbooks/elastic_agents/vars/vars/app_code_config/prod/nmxlic.yml\n\t/opt/ansible/playbooks/elastic_agents/vars/app_code_config/prod/nmxlic.yml on the Ansible Controller.\nIf you are using a module and expect the file to exist on the remote, see the remote_src option"}
...ignoring

TASK [hs_role_elastic_agents : Install Filebeat] *******************************
skipping: [cs51-22im01] => (item=install-filebeat.yml) 
skipping: [cs51-22hynuml01] => (item=install-filebeat.yml) 
skipping: [cs51-22im01] => (item=config-filebeat.yml) 
skipping: [cs51-22hynuml01] => (item=config-filebeat.yml) 
included: /opt/ansible/playbooks/elastic_agents/roles/hs_role_elastic_agents/tasks/install-filebeat.yml for cs51-21xash602, cs51-21xash601, cs51-21xash604, cs51-21xash603, cs51-21xash605, cs51-21xash105 => (item=install-filebeat.yml)
included: /opt/ansible/playbooks/elastic_agents/roles/hs_role_elastic_agents/tasks/config-filebeat.yml for cs51-21xash602, cs51-21xash601, cs51-21xash604, cs51-21xash603, cs51-21xash605, cs51-21xash105 => (item=config-filebeat.yml)

TASK [hs_role_elastic_agents : Check version of filebeat] **********************
ok: [cs51-21xash605]
ok: [cs51-21xash105]
ok: [cs51-21xash604]
fatal: [cs51-21xash603]: FAILED! => {"changed": false, "cmd": "& \"c:\\Program Files\\filebeat\\filebeat.exe\" version", "delta": "0:00:04.921877", "end": "2026-02-04 17:04:37.913464", "msg": "non-zero return code", "rc": 1, "start": "2026-02-04 17:04:32.991586", "stderr": "& : The term 'c:\\Program Files\\filebeat\\filebeat.exe' is not recognized as the name of a cmdlet, function, script \r\nfile, or operable program. Check the spelling of the name, or if a path was included, verify that the path is correct \r\nand try again.\r\nAt line:1 char:67\r\n+ ... F8Encoding $false; & \"c:\\Program Files\\filebeat\\filebeat.exe\" version\r\n+                          ~~~~~~~~~~~~~~~~~~~~~~~~~~~~~~~~~~~~~~~~\r\n    + CategoryInfo          : ObjectNotFound: (c:\\Program Files\\filebeat\\filebeat.exe:String) [], CommandNotFoundExcep \r\n   tion\r\n    + FullyQualifiedErrorId : CommandNotFoundException", "stderr_lines": ["& : The term 'c:\\Program Files\\filebeat\\filebeat.exe' is not recognized as the name of a cmdlet, function, script ", "file, or operable program. Check the spelling of the name, or if a path was included, verify that the path is correct ", "and try again.", "At line:1 char:67", "+ ... F8Encoding $false; & \"c:\\Program Files\\filebeat\\filebeat.exe\" version", "+                          ~~~~~~~~~~~~~~~~~~~~~~~~~~~~~~~~~~~~~~~~", "    + CategoryInfo          : ObjectNotFound: (c:\\Program Files\\filebeat\\filebeat.exe:String) [], CommandNotFoundExcep ", "   tion", "    + FullyQualifiedErrorId : CommandNotFoundException"], "stdout": "", "stdout_lines": []}
...ignoring
ok: [cs51-21xash601]
fatal: [cs51-21xash602]: FAILED! => {"changed": false, "cmd": "& \"c:\\Program Files\\filebeat\\filebeat.exe\" version", "delta": "0:00:05.890590", "end": "2026-02-04 17:04:39.213038", "msg": "non-zero return code", "rc": 1, "start": "2026-02-04 17:04:33.322448", "stderr": "Register-PSRepository : The specified Uri 'https://artifactory.hedgeserv.net/artifactory/api/nuget/PSGallery' for \r\nparameter 'SourceLocation' is an invalid Web Uri. Please ensure that it meets the Web Uri requirements.\r\nAt C:\\Windows\\System32\\WindowsPowerShell\\v1.0\\profile.ps1:7 char:5\r\n+     Register-PSRepository -Name \"InternalPSGallery\" -SourceLocation \" ...\r\n+     ~~~~~~~~~~~~~~~~~~~~~~~~~~~~~~~~~~~~~~~~~~~~~~~~~~~~~~~~~~~~~~~~~\r\n    + CategoryInfo          : InvalidArgument: (https://artifac...nuget/PSGallery:String) [Register-PSRepository], Arg \r\n   umentException\r\n    + FullyQualifiedErrorId : InvalidWebUri,Register-PSRepository\r\n \r\nRegister-PSRepository : The specified Uri 'https://artifactory.hedgeserv.net/artifactory/api/nuget/hs_powershell' for \r\nparameter 'SourceLocation' is an invalid Web Uri. Please ensure that it meets the Web Uri requirements.\r\nAt C:\\Windows\\System32\\WindowsPowerShell\\v1.0\\profile.ps1:12 char:5\r\n+     Register-PSRepository -Name \"HedgeservGallery\" -SourceLocation \"h ...\r\n+     ~~~~~~~~~~~~~~~~~~~~~~~~~~~~~~~~~~~~~~~~~~~~~~~~~~~~~~~~~~~~~~~~~\r\n    + CategoryInfo          : InvalidArgument: (https://artifac...t/hs_powershell:String) [Register-PSRepository], Arg \r\n   umentException\r\n    + FullyQualifiedErrorId : InvalidWebUri,Register-PSRepository\r\n \r\n& : The term 'c:\\Program Files\\filebeat\\filebeat.exe' is not recognized as the name of a cmdlet, function, script \r\nfile, or operable program. Check the spelling of the name, or if a path was included, verify that the path is correct \r\nand try again.\r\nAt line:1 char:67\r\n+ ... F8Encoding $false; & \"c:\\Program Files\\filebeat\\filebeat.exe\" version\r\n+                          ~~~~~~~~~~~~~~~~~~~~~~~~~~~~~~~~~~~~~~~~\r\n    + CategoryInfo          : ObjectNotFound: (c:\\Program Files\\filebeat\\filebeat.exe:String) [], CommandNotFoundExcep \r\n   tion\r\n    + FullyQualifiedErrorId : CommandNotFoundException", "stderr_lines": ["Register-PSRepository : The specified Uri 'https://artifactory.hedgeserv.net/artifactory/api/nuget/PSGallery' for ", "parameter 'SourceLocation' is an invalid Web Uri. Please ensure that it meets the Web Uri requirements.", "At C:\\Windows\\System32\\WindowsPowerShell\\v1.0\\profile.ps1:7 char:5", "+     Register-PSRepository -Name \"InternalPSGallery\" -SourceLocation \" ...", "+     ~~~~~~~~~~~~~~~~~~~~~~~~~~~~~~~~~~~~~~~~~~~~~~~~~~~~~~~~~~~~~~~~~", "    + CategoryInfo          : InvalidArgument: (https://artifac...nuget/PSGallery:String) [Register-PSRepository], Arg ", "   umentException", "    + FullyQualifiedErrorId : InvalidWebUri,Register-PSRepository", " ", "Register-PSRepository : The specified Uri 'https://artifactory.hedgeserv.net/artifactory/api/nuget/hs_powershell' for ", "parameter 'SourceLocation' is an invalid Web Uri. Please ensure that it meets the Web Uri requirements.", "At C:\\Windows\\System32\\WindowsPowerShell\\v1.0\\profile.ps1:12 char:5", "+     Register-PSRepository -Name \"HedgeservGallery\" -SourceLocation \"h ...", "+     ~~~~~~~~~~~~~~~~~~~~~~~~~~~~~~~~~~~~~~~~~~~~~~~~~~~~~~~~~~~~~~~~~", "    + CategoryInfo          : InvalidArgument: (https://artifac...t/hs_powershell:String) [Register-PSRepository], Arg ", "   umentException", "    + FullyQualifiedErrorId : InvalidWebUri,Register-PSRepository", " ", "& : The term 'c:\\Program Files\\filebeat\\filebeat.exe' is not recognized as the name of a cmdlet, function, script ", "file, or operable program. Check the spelling of the name, or if a path was included, verify that the path is correct ", "and try again.", "At line:1 char:67", "+ ... F8Encoding $false; & \"c:\\Program Files\\filebeat\\filebeat.exe\" version", "+                          ~~~~~~~~~~~~~~~~~~~~~~~~~~~~~~~~~~~~~~~~", "    + CategoryInfo          : ObjectNotFound: (c:\\Program Files\\filebeat\\filebeat.exe:String) [], CommandNotFoundExcep ", "   tion", "    + FullyQualifiedErrorId : CommandNotFoundException"], "stdout": "", "stdout_lines": []}
...ignoring

TASK [hs_role_elastic_agents : Remove filebeat service] ************************
skipping: [cs51-21xash602]
skipping: [cs51-21xash603]
changed: [cs51-21xash605]
changed: [cs51-21xash604]
changed: [cs51-21xash601]
changed: [cs51-21xash105]

TASK [hs_role_elastic_agents : Creating temp\beats Path] ***********************
changed: [cs51-21xash604]
changed: [cs51-21xash605]
changed: [cs51-21xash602]
changed: [cs51-21xash603]
changed: [cs51-21xash601]
changed: [cs51-21xash105]

TASK [hs_role_elastic_agents : Download filebeat from S3 Generic Artifacts] ****
changed: [cs51-21xash602]
changed: [cs51-21xash601]
changed: [cs51-21xash603]
changed: [cs51-21xash605]
changed: [cs51-21xash105]
changed: [cs51-21xash604]

TASK [hs_role_elastic_agents : Unzip Filebeat] *********************************
changed: [cs51-21xash602]
changed: [cs51-21xash601]
changed: [cs51-21xash603]
changed: [cs51-21xash605]
changed: [cs51-21xash604]
changed: [cs51-21xash105]

TASK [hs_role_elastic_agents : Move filebeat folder under Program Files] *******
changed: [cs51-21xash603]
changed: [cs51-21xash601]
changed: [cs51-21xash602]
changed: [cs51-21xash605]
changed: [cs51-21xash604]
changed: [cs51-21xash105]

TASK [hs_role_elastic_agents : Configure and Enable ELK Repo] ******************
skipping: [cs51-21xash601]
skipping: [cs51-21xash602]
skipping: [cs51-21xash603]
skipping: [cs51-21xash604]
skipping: [cs51-21xash605]
skipping: [cs51-21xash105]

TASK [hs_role_elastic_agents : Configure and Enable hs_internal_rpm Repo] ******
skipping: [cs51-21xash601]
skipping: [cs51-21xash603]
skipping: [cs51-21xash602]
skipping: [cs51-21xash604]
skipping: [cs51-21xash605]
skipping: [cs51-21xash105]

TASK [hs_role_elastic_agents : Check filebeat version] *************************
skipping: [cs51-21xash601]
skipping: [cs51-21xash602]
skipping: [cs51-21xash603]
skipping: [cs51-21xash604]
skipping: [cs51-21xash605]
skipping: [cs51-21xash105]

TASK [hs_role_elastic_agents : Remove old filebeat] ****************************
skipping: [cs51-21xash601]
skipping: [cs51-21xash602]
skipping: [cs51-21xash603]
skipping: [cs51-21xash604]
skipping: [cs51-21xash605]
skipping: [cs51-21xash105]

TASK [hs_role_elastic_agents : Install filebeat] *******************************
skipping: [cs51-21xash601]
skipping: [cs51-21xash602]
skipping: [cs51-21xash603]
skipping: [cs51-21xash604]
skipping: [cs51-21xash605]
skipping: [cs51-21xash105]

TASK [hs_role_elastic_agents : Enable service filebeat on boot] ****************
skipping: [cs51-21xash601]
skipping: [cs51-21xash602]
skipping: [cs51-21xash603]
skipping: [cs51-21xash604]
skipping: [cs51-21xash605]
skipping: [cs51-21xash105]

TASK [hs_role_elastic_agents : Configure and Enable ELK Repo] ******************
skipping: [cs51-21xash601]
skipping: [cs51-21xash602]
skipping: [cs51-21xash603]
skipping: [cs51-21xash604]
skipping: [cs51-21xash605]
skipping: [cs51-21xash105]

TASK [hs_role_elastic_agents : Configure and Enable hs_internal_rpm Repo] ******
skipping: [cs51-21xash601]
skipping: [cs51-21xash602]
skipping: [cs51-21xash603]
skipping: [cs51-21xash604]
skipping: [cs51-21xash605]
skipping: [cs51-21xash105]

TASK [hs_role_elastic_agents : Check filebeat version] *************************
skipping: [cs51-21xash601]
skipping: [cs51-21xash602]
skipping: [cs51-21xash603]
skipping: [cs51-21xash604]
skipping: [cs51-21xash605]
skipping: [cs51-21xash105]

TASK [hs_role_elastic_agents : Remove old filebeat] ****************************
skipping: [cs51-21xash601]
skipping: [cs51-21xash602]
skipping: [cs51-21xash603]
skipping: [cs51-21xash604]
skipping: [cs51-21xash605]
skipping: [cs51-21xash105]

TASK [hs_role_elastic_agents : Install filebeat] *******************************
skipping: [cs51-21xash601]
skipping: [cs51-21xash602]
skipping: [cs51-21xash603]
skipping: [cs51-21xash604]
skipping: [cs51-21xash605]
skipping: [cs51-21xash105]

TASK [hs_role_elastic_agents : Enable service filebeat on boot] ****************
skipping: [cs51-21xash601]
skipping: [cs51-21xash602]
skipping: [cs51-21xash603]
skipping: [cs51-21xash604]
skipping: [cs51-21xash605]
skipping: [cs51-21xash105]

TASK [hs_role_elastic_agents : Include app code tasks] *************************

TASK [hs_role_elastic_agents : Change filebeat.yml Windows] ********************
changed: [cs51-21xash604]
changed: [cs51-21xash601]
changed: [cs51-21xash603]
changed: [cs51-21xash602]
changed: [cs51-21xash605]
changed: [cs51-21xash105]

TASK [hs_role_elastic_agents : Change filebeat.yml linux] **********************
skipping: [cs51-21xash601]
skipping: [cs51-21xash602]
skipping: [cs51-21xash603]
skipping: [cs51-21xash604]
skipping: [cs51-21xash605]
skipping: [cs51-21xash105]

TASK [hs_role_elastic_agents : Flush handlers] *********************************

RUNNING HANDLER [hs_role_elastic_agents : Windows Add Filebeat Password] *******
changed: [cs51-21xash601]
changed: [cs51-21xash605]
changed: [cs51-21xash604]
changed: [cs51-21xash603]
changed: [cs51-21xash602]
changed: [cs51-21xash105]

RUNNING HANDLER [hs_role_elastic_agents : Windows Start Filebeat Service] ******
changed: [cs51-21xash604]
changed: [cs51-21xash605]
changed: [cs51-21xash602]
changed: [cs51-21xash603]
changed: [cs51-21xash105]
changed: [cs51-21xash601]

TASK [hs_role_elastic_agents : Install Metricbeat] *****************************
included: /opt/ansible/playbooks/elastic_agents/roles/hs_role_elastic_agents/tasks/install-metricbeat.yml for cs51-21xash601, cs51-21xash602, cs51-21xash603, cs51-21xash604, cs51-21xash605, cs51-21xash105, cs51-22im01, cs51-22hynuml01 => (item=install-metricbeat.yml)
included: /opt/ansible/playbooks/elastic_agents/roles/hs_role_elastic_agents/tasks/config-metricbeat.yml for cs51-21xash601, cs51-21xash602, cs51-21xash603, cs51-21xash604, cs51-21xash605, cs51-21xash105, cs51-22im01, cs51-22hynuml01 => (item=config-metricbeat.yml)

TASK [hs_role_elastic_agents : Check version of metricbeat] ********************
ok: [cs51-21xash605]
ok: [cs51-21xash601]
fatal: [cs51-21xash603]: FAILED! => {"censored": "the output has been hidden due to the fact that 'no_log: true' was specified for this result", "changed": false}
...ignoring
skipping: [cs51-22hynuml01]
ok: [cs51-21xash604]
fatal: [cs51-21xash602]: FAILED! => {"censored": "the output has been hidden due to the fact that 'no_log: true' was specified for this result", "changed": false}
...ignoring
ok: [cs51-21xash105]
ok: [cs51-22im01]

TASK [hs_role_elastic_agents : Remove metricbeat service] **********************
skipping: [cs51-21xash602]
skipping: [cs51-21xash603]
skipping: [cs51-22im01]
skipping: [cs51-22hynuml01]
changed: [cs51-21xash601]
changed: [cs51-21xash604]
changed: [cs51-21xash605]
changed: [cs51-21xash105]

TASK [hs_role_elastic_agents : Creating temp\beats Path] ***********************
ok: [cs51-21xash602]
ok: [cs51-21xash605]
skipping: [cs51-22im01]
ok: [cs51-21xash601]
skipping: [cs51-22hynuml01]
ok: [cs51-21xash603]
ok: [cs51-21xash604]
ok: [cs51-21xash105]

TASK [hs_role_elastic_agents : Download metricbeat from artifactory] ***********
changed: [cs51-21xash603]
changed: [cs51-21xash601]
skipping: [cs51-22im01]
skipping: [cs51-22hynuml01]
changed: [cs51-21xash605]
changed: [cs51-21xash602]
changed: [cs51-21xash604]
changed: [cs51-21xash105]

TASK [hs_role_elastic_agents : Unzip Metricbeat] *******************************
changed: [cs51-21xash603]
changed: [cs51-21xash605]
skipping: [cs51-22im01]
skipping: [cs51-22hynuml01]
changed: [cs51-21xash604]
changed: [cs51-21xash601]
changed: [cs51-21xash602]
changed: [cs51-21xash105]

TASK [hs_role_elastic_agents : Move metricbeat folder under Program Files] *****
changed: [cs51-21xash603]
changed: [cs51-21xash601]
skipping: [cs51-22im01]
skipping: [cs51-22hynuml01]
changed: [cs51-21xash605]
changed: [cs51-21xash602]
changed: [cs51-21xash604]
changed: [cs51-21xash105]

TASK [hs_role_elastic_agents : Configure and Enable ELK Repo] ******************
skipping: [cs51-21xash601]
skipping: [cs51-21xash602]
skipping: [cs51-21xash603]
skipping: [cs51-21xash604]
skipping: [cs51-21xash605]
skipping: [cs51-21xash105]
skipping: [cs51-22im01]
changed: [cs51-22hynuml01]

TASK [hs_role_elastic_agents : Configure and Enable hs_internal_rpm Repo] ******
skipping: [cs51-21xash601]
skipping: [cs51-21xash602]
skipping: [cs51-21xash603]
skipping: [cs51-21xash604]
skipping: [cs51-21xash605]
skipping: [cs51-21xash105]
skipping: [cs51-22im01]
ok: [cs51-22hynuml01]

TASK [hs_role_elastic_agents : Check metricbeat version] ***********************
skipping: [cs51-21xash601]
skipping: [cs51-21xash602]
skipping: [cs51-21xash603]
skipping: [cs51-21xash604]
skipping: [cs51-21xash605]
skipping: [cs51-21xash105]
skipping: [cs51-22im01]
ok: [cs51-22hynuml01]

TASK [hs_role_elastic_agents : Remove old metricbeat] **************************
skipping: [cs51-21xash601]
skipping: [cs51-21xash602]
skipping: [cs51-21xash603]
skipping: [cs51-21xash604]
skipping: [cs51-21xash605]
skipping: [cs51-21xash105]
skipping: [cs51-22im01]
changed: [cs51-22hynuml01]

TASK [hs_role_elastic_agents : Install metricbeat] *****************************
skipping: [cs51-21xash601]
skipping: [cs51-21xash602]
skipping: [cs51-21xash603]
skipping: [cs51-21xash604]
skipping: [cs51-21xash605]
skipping: [cs51-21xash105]
skipping: [cs51-22im01]
changed: [cs51-22hynuml01]

TASK [hs_role_elastic_agents : Enable service Metricbeat on boot] **************
skipping: [cs51-21xash601]
skipping: [cs51-21xash602]
skipping: [cs51-21xash603]
skipping: [cs51-21xash604]
skipping: [cs51-21xash605]
skipping: [cs51-21xash105]
skipping: [cs51-22im01]
changed: [cs51-22hynuml01]

TASK [hs_role_elastic_agents : Configure and Enable ELK Repo] ******************
skipping: [cs51-21xash601]
skipping: [cs51-21xash602]
skipping: [cs51-21xash603]
skipping: [cs51-21xash604]
skipping: [cs51-21xash605]
skipping: [cs51-21xash105]
skipping: [cs51-22im01]
skipping: [cs51-22hynuml01]

TASK [hs_role_elastic_agents : Configure and Enable hs_internal_rpm Repo] ******
skipping: [cs51-21xash601]
skipping: [cs51-21xash602]
skipping: [cs51-21xash603]
skipping: [cs51-21xash604]
skipping: [cs51-21xash605]
skipping: [cs51-21xash105]
skipping: [cs51-22im01]
skipping: [cs51-22hynuml01]

TASK [hs_role_elastic_agents : Check metricbeat version] ***********************
skipping: [cs51-21xash601]
skipping: [cs51-21xash602]
skipping: [cs51-21xash603]
skipping: [cs51-21xash604]
skipping: [cs51-21xash605]
skipping: [cs51-21xash105]
skipping: [cs51-22im01]
skipping: [cs51-22hynuml01]

TASK [hs_role_elastic_agents : Remove old metricbeat] **************************
skipping: [cs51-21xash601]
skipping: [cs51-21xash602]
skipping: [cs51-21xash603]
skipping: [cs51-21xash604]
skipping: [cs51-21xash605]
skipping: [cs51-21xash105]
skipping: [cs51-22im01]
skipping: [cs51-22hynuml01]

TASK [hs_role_elastic_agents : Install metricbeat] *****************************
skipping: [cs51-21xash601]
skipping: [cs51-21xash602]
skipping: [cs51-21xash603]
skipping: [cs51-21xash604]
skipping: [cs51-21xash605]
skipping: [cs51-21xash105]
skipping: [cs51-22im01]
skipping: [cs51-22hynuml01]

TASK [hs_role_elastic_agents : Enable service Metricbeat on boot] **************
skipping: [cs51-21xash601]
skipping: [cs51-21xash602]
skipping: [cs51-21xash603]
skipping: [cs51-21xash604]
skipping: [cs51-21xash605]
skipping: [cs51-21xash105]
skipping: [cs51-22im01]
skipping: [cs51-22hynuml01]

TASK [hs_role_elastic_agents : Include app code tasks] *************************

TASK [hs_role_elastic_agents : Change metricbeat.yml] **************************
changed: [cs51-21xash601]
changed: [cs51-21xash605]
changed: [cs51-21xash604]
skipping: [cs51-22hynuml01]
changed: [cs51-21xash603]
changed: [cs51-21xash602]
changed: [cs51-21xash105]
ok: [cs51-22im01]

TASK [hs_role_elastic_agents : Change metricbeat.yml On MSSQL server] **********
skipping: [cs51-21xash601]
skipping: [cs51-21xash602]
skipping: [cs51-21xash603]
skipping: [cs51-21xash604]
skipping: [cs51-21xash605]
skipping: [cs51-21xash105]
skipping: [cs51-22im01]
skipping: [cs51-22hynuml01]

TASK [hs_role_elastic_agents : Change metricbeat.yml] **************************
skipping: [cs51-21xash601]
skipping: [cs51-21xash602]
skipping: [cs51-21xash603]
skipping: [cs51-21xash604]
skipping: [cs51-21xash605]
skipping: [cs51-21xash105]
skipping: [cs51-22im01]
changed: [cs51-22hynuml01]

TASK [hs_role_elastic_agents : Flush handlers] *********************************

RUNNING HANDLER [hs_role_elastic_agents : Windows Add Metricbeat Password] *****
changed: [cs51-21xash601]
changed: [cs51-21xash604]
changed: [cs51-21xash603]
changed: [cs51-21xash605]
changed: [cs51-21xash602]
changed: [cs51-21xash105]

RUNNING HANDLER [hs_role_elastic_agents : Windows Start Metricbeat Service] ****
changed: [cs51-21xash603]
changed: [cs51-21xash604]
changed: [cs51-21xash602]
changed: [cs51-21xash601]
changed: [cs51-21xash605]
changed: [cs51-21xash105]

RUNNING HANDLER [hs_role_elastic_agents : Remove Beats Directory] **************
changed: [cs51-21xash603]
changed: [cs51-21xash604]
changed: [cs51-21xash602]
changed: [cs51-21xash601]
changed: [cs51-21xash605]
changed: [cs51-21xash105]

RUNNING HANDLER [hs_role_elastic_agents : Linux Add Metricbeat Password] *******
changed: [cs51-22hynuml01]

RUNNING HANDLER [hs_role_elastic_agents : Linux Start Metricbeat Service] ******
changed: [cs51-22hynuml01]

TASK [hs_role_elastic_agents : Install Winlogbeat] *****************************
skipping: [cs51-21xash601] => (item=install-winlogbeat.yml) 
skipping: [cs51-21xash602] => (item=install-winlogbeat.yml) 
skipping: [cs51-21xash601] => (item=config-winlogbeat.yml) 
skipping: [cs51-21xash603] => (item=install-winlogbeat.yml) 
skipping: [cs51-21xash604] => (item=install-winlogbeat.yml) 
skipping: [cs51-21xash602] => (item=config-winlogbeat.yml) 
skipping: [cs51-21xash603] => (item=config-winlogbeat.yml) 
skipping: [cs51-21xash604] => (item=config-winlogbeat.yml) 
skipping: [cs51-21xash605] => (item=install-winlogbeat.yml) 
skipping: [cs51-21xash105] => (item=install-winlogbeat.yml) 
skipping: [cs51-21xash605] => (item=config-winlogbeat.yml) 
skipping: [cs51-22im01] => (item=install-winlogbeat.yml) 
skipping: [cs51-21xash105] => (item=config-winlogbeat.yml) 
skipping: [cs51-22hynuml01] => (item=install-winlogbeat.yml) 
skipping: [cs51-22im01] => (item=config-winlogbeat.yml) 
skipping: [cs51-22hynuml01] => (item=config-winlogbeat.yml) 

TASK [hs_role_elastic_agents : Call host verification tasks] *******************
included: /opt/ansible/playbooks/elastic_agents/roles/hs_role_elastic_agents/tasks/host-verification.yml for cs51-21xash601, cs51-21xash602, cs51-21xash603, cs51-21xash604, cs51-21xash605, cs51-21xash105, cs51-22im01, cs51-22hynuml01

TASK [hs_role_elastic_agents : Group metricbeat hosts] *************************
changed: [cs51-21xash601]
changed: [cs51-21xash602]
changed: [cs51-21xash603]
changed: [cs51-21xash604]
changed: [cs51-21xash605]
changed: [cs51-21xash105]
changed: [cs51-22im01]
changed: [cs51-22hynuml01]

TASK [hs_role_elastic_agents : Write to file metricbeat hosts] *****************
changed: [cs51-21xash601 -> localhost({{ inventory_hostname }}.{{ dns_domain_name }})]

TASK [hs_role_elastic_agents : Group filebeat hosts] ***************************
changed: [cs51-21xash601]
changed: [cs51-21xash602]
changed: [cs51-21xash603]
changed: [cs51-21xash604]
changed: [cs51-21xash605]
changed: [cs51-21xash105]
changed: [cs51-22im01]
changed: [cs51-22hynuml01]

TASK [hs_role_elastic_agents : Write to file filebeat hosts] *******************
changed: [cs51-21xash601 -> localhost({{ inventory_hostname }}.{{ dns_domain_name }})]

TASK [hs_role_elastic_agents : Group winlogbeat hosts] *************************
changed: [cs51-21xash601]
changed: [cs51-21xash602]
changed: [cs51-21xash603]
changed: [cs51-21xash604]
changed: [cs51-21xash605]
changed: [cs51-21xash105]
changed: [cs51-22im01]
changed: [cs51-22hynuml01]

TASK [hs_role_elastic_agents : Write to file winlogbeat hosts] *****************
changed: [cs51-21xash601 -> localhost({{ inventory_hostname }}.{{ dns_domain_name }})]

TASK [hs_role_elastic_agents : Pause before starting service status verification] ***
Pausing for 30 seconds
(ctrl+C then 'C' = continue early, ctrl+C then 'A' = abort)
ok: [cs51-21xash601]

TASK [hs_role_elastic_agents : Check status of services] ***********************
included: /opt/ansible/playbooks/elastic_agents/roles/hs_role_elastic_agents/tasks/verify_services.yml for cs51-21xash601, cs51-21xash602, cs51-21xash603, cs51-21xash604, cs51-21xash605, cs51-21xash105, cs51-22im01, cs51-22hynuml01

TASK [hs_role_elastic_agents : Check statuses of linux services] ***************
skipping: [cs51-21xash601]
skipping: [cs51-21xash602]
skipping: [cs51-21xash603]
skipping: [cs51-21xash604]
skipping: [cs51-21xash605]
skipping: [cs51-21xash105]
skipping: [cs51-22im01]
ok: [cs51-22hynuml01]

TASK [hs_role_elastic_agents : Show filebeat service status linux] *************
skipping: [cs51-21xash601]
skipping: [cs51-21xash602]
skipping: [cs51-21xash603]
skipping: [cs51-21xash604]
skipping: [cs51-21xash605]
skipping: [cs51-21xash105]
skipping: [cs51-22im01]
skipping: [cs51-22hynuml01]

TASK [hs_role_elastic_agents : Show metricbeat service status linux] ***********
skipping: [cs51-21xash601]
skipping: [cs51-21xash602]
skipping: [cs51-21xash603]
skipping: [cs51-21xash604]
skipping: [cs51-21xash605]
skipping: [cs51-21xash105]
skipping: [cs51-22im01]
ok: [cs51-22hynuml01] => {
    "msg": "metricbeat service status:running"
}

TASK [hs_role_elastic_agents : Check filebeat service status windows] **********
changed: [cs51-21xash604]
changed: [cs51-21xash605]
skipping: [cs51-22im01]
skipping: [cs51-22hynuml01]
changed: [cs51-21xash601]
changed: [cs51-21xash105]
changed: [cs51-21xash602]
changed: [cs51-21xash603]

TASK [hs_role_elastic_agents : Show filebeat service status windows] ***********
ok: [cs51-21xash601] => {
    "msg": "filebeat service status:Running\r\n"
}
ok: [cs51-21xash602] => {
    "msg": "filebeat service status:Running\r\n"
}
ok: [cs51-21xash603] => {
    "msg": "filebeat service status:Running\r\n"
}
ok: [cs51-21xash604] => {
    "msg": "filebeat service status:Running\r\n"
}
ok: [cs51-21xash605] => {
    "msg": "filebeat service status:Running\r\n"
}
skipping: [cs51-22im01]
skipping: [cs51-22hynuml01]
ok: [cs51-21xash105] => {
    "msg": "filebeat service status:Running\r\n"
}

TASK [hs_role_elastic_agents : Check metricbeat service status windows] ********
changed: [cs51-21xash604]
changed: [cs51-21xash601]
changed: [cs51-21xash605]
skipping: [cs51-22hynuml01]
changed: [cs51-21xash602]
changed: [cs51-21xash603]
changed: [cs51-21xash105]
changed: [cs51-22im01]

TASK [hs_role_elastic_agents : Show metricbeat service status windows] *********
ok: [cs51-21xash601] => {
    "msg": "metricbeat service status:Running\r\n"
}
ok: [cs51-21xash603] => {
    "msg": "metricbeat service status:Running\r\n"
}
ok: [cs51-21xash602] => {
    "msg": "metricbeat service status:Running\r\n"
}
ok: [cs51-21xash604] => {
    "msg": "metricbeat service status:Running\r\n"
}
ok: [cs51-21xash605] => {
    "msg": "metricbeat service status:Running\r\n"
}
ok: [cs51-21xash105] => {
    "msg": "metricbeat service status:Running\r\n"
}
skipping: [cs51-22hynuml01]
ok: [cs51-22im01] => {
    "msg": "metricbeat service status:Running\r\n"
}

TASK [hs_role_elastic_agents : Check winlogbeat service status] ****************
skipping: [cs51-21xash601]
skipping: [cs51-21xash602]
skipping: [cs51-21xash603]
skipping: [cs51-21xash604]
skipping: [cs51-21xash605]
skipping: [cs51-21xash105]
skipping: [cs51-22im01]
skipping: [cs51-22hynuml01]

TASK [hs_role_elastic_agents : Show winlogbeat service status] *****************
skipping: [cs51-21xash601]
skipping: [cs51-21xash602]
skipping: [cs51-21xash603]
skipping: [cs51-21xash604]
skipping: [cs51-21xash605]
skipping: [cs51-21xash105]
skipping: [cs51-22im01]
skipping: [cs51-22hynuml01]

TASK [hs_role_elastic_agents : Failed filebeat linux] **************************
skipping: [cs51-21xash601]
skipping: [cs51-21xash602]
skipping: [cs51-21xash603]
skipping: [cs51-21xash604]
skipping: [cs51-21xash605]
skipping: [cs51-21xash105]
skipping: [cs51-22im01]
skipping: [cs51-22hynuml01]

TASK [hs_role_elastic_agents : Failed metricbeat linux] ************************
skipping: [cs51-21xash601]
skipping: [cs51-21xash602]
skipping: [cs51-21xash603]
skipping: [cs51-21xash604]
skipping: [cs51-21xash605]
skipping: [cs51-21xash105]
skipping: [cs51-22im01]
skipping: [cs51-22hynuml01]

TASK [hs_role_elastic_agents : Failed filebeat windows] ************************
skipping: [cs51-21xash601]
skipping: [cs51-21xash602]
skipping: [cs51-21xash603]
skipping: [cs51-21xash604]
skipping: [cs51-21xash605]
skipping: [cs51-21xash105]
skipping: [cs51-22im01]
skipping: [cs51-22hynuml01]

TASK [hs_role_elastic_agents : Failed metricbeat windows] **********************
skipping: [cs51-21xash601]
skipping: [cs51-21xash602]
skipping: [cs51-21xash603]
skipping: [cs51-21xash604]
skipping: [cs51-21xash605]
skipping: [cs51-21xash105]
skipping: [cs51-22im01]
skipping: [cs51-22hynuml01]

TASK [hs_role_elastic_agents : Failed winlogbeat] ******************************
skipping: [cs51-21xash601]
skipping: [cs51-21xash602]
skipping: [cs51-21xash603]
skipping: [cs51-21xash604]
skipping: [cs51-21xash605]
skipping: [cs51-21xash105]
skipping: [cs51-22im01]
skipping: [cs51-22hynuml01]

TASK [hs_role_elastic_agents : Retry non-running services] *********************
included: /opt/ansible/playbooks/elastic_agents/roles/hs_role_elastic_agents/tasks/retry_services.yml for cs51-21xash601, cs51-21xash602, cs51-21xash603, cs51-21xash604, cs51-21xash605, cs51-21xash105, cs51-22im01, cs51-22hynuml01

TASK [hs_role_elastic_agents : Restart filebeat service linux] *****************
skipping: [cs51-21xash601]
skipping: [cs51-21xash602]
skipping: [cs51-21xash603]
skipping: [cs51-21xash604]
skipping: [cs51-21xash605]
skipping: [cs51-21xash105]
skipping: [cs51-22im01]
skipping: [cs51-22hynuml01]

TASK [hs_role_elastic_agents : Set re-verify flag] *****************************
skipping: [cs51-21xash601]
skipping: [cs51-21xash602]
skipping: [cs51-21xash603]
skipping: [cs51-21xash604]
skipping: [cs51-21xash605]
skipping: [cs51-21xash105]
skipping: [cs51-22im01]
skipping: [cs51-22hynuml01]

TASK [hs_role_elastic_agents : Restart metricbeat service linux] ***************
skipping: [cs51-21xash601]
skipping: [cs51-21xash602]
skipping: [cs51-21xash603]
skipping: [cs51-21xash604]
skipping: [cs51-21xash605]
skipping: [cs51-21xash105]
skipping: [cs51-22im01]
skipping: [cs51-22hynuml01]

TASK [hs_role_elastic_agents : Set re-verify flag] *****************************
skipping: [cs51-21xash601]
skipping: [cs51-21xash602]
skipping: [cs51-21xash603]
skipping: [cs51-21xash604]
skipping: [cs51-21xash605]
skipping: [cs51-21xash105]
skipping: [cs51-22im01]
skipping: [cs51-22hynuml01]

TASK [hs_role_elastic_agents : Restart filebeat service windows] ***************
skipping: [cs51-21xash601]
skipping: [cs51-21xash602]
skipping: [cs51-21xash603]
skipping: [cs51-21xash604]
skipping: [cs51-21xash605]
skipping: [cs51-21xash105]
skipping: [cs51-22im01]
skipping: [cs51-22hynuml01]

TASK [hs_role_elastic_agents : Set re-verify flag] *****************************
skipping: [cs51-21xash601]
skipping: [cs51-21xash602]
skipping: [cs51-21xash603]
skipping: [cs51-21xash604]
skipping: [cs51-21xash605]
skipping: [cs51-21xash105]
skipping: [cs51-22im01]
skipping: [cs51-22hynuml01]

TASK [hs_role_elastic_agents : Restart metricbeat service windows] *************
skipping: [cs51-21xash601]
skipping: [cs51-21xash603]
skipping: [cs51-21xash602]
skipping: [cs51-21xash605]
skipping: [cs51-21xash604]
skipping: [cs51-21xash105]
skipping: [cs51-22im01]
skipping: [cs51-22hynuml01]

TASK [hs_role_elastic_agents : Set re-verify flag] *****************************
skipping: [cs51-21xash601]
skipping: [cs51-21xash602]
skipping: [cs51-21xash603]
skipping: [cs51-21xash604]
skipping: [cs51-21xash605]
skipping: [cs51-21xash105]
skipping: [cs51-22im01]
skipping: [cs51-22hynuml01]

TASK [hs_role_elastic_agents : Restart winlogbeat service windows] *************
skipping: [cs51-21xash601]
skipping: [cs51-21xash602]
skipping: [cs51-21xash603]
skipping: [cs51-21xash604]
skipping: [cs51-21xash605]
skipping: [cs51-21xash105]
skipping: [cs51-22hynuml01]
skipping: [cs51-22im01]

TASK [hs_role_elastic_agents : Set re-verify flag] *****************************
skipping: [cs51-21xash601]
skipping: [cs51-21xash602]
skipping: [cs51-21xash603]
skipping: [cs51-21xash604]
skipping: [cs51-21xash605]
skipping: [cs51-21xash105]
skipping: [cs51-22im01]
skipping: [cs51-22hynuml01]

TASK [hs_role_elastic_agents : Pause for a minute before verifying services again] ***
skipping: [cs51-21xash601]

TASK [hs_role_elastic_agents : Re-verify services] *****************************
skipping: [cs51-21xash601]
skipping: [cs51-21xash602]
skipping: [cs51-21xash603]
skipping: [cs51-21xash604]
skipping: [cs51-21xash605]
skipping: [cs51-21xash105]
skipping: [cs51-22im01]
skipping: [cs51-22hynuml01]

TASK [Load hs_role_elastic_agents_mt] ******************************************
skipping: [cs51-21xash601]
skipping: [cs51-21xash602]
skipping: [cs51-21xash603]
skipping: [cs51-21xash604]
skipping: [cs51-21xash605]
skipping: [cs51-21xash105]
skipping: [cs51-22im01]
skipping: [cs51-22hynuml01]

PLAY RECAP *********************************************************************
cs51-21xash105             : ok=46   changed=21   unreachable=0    failed=0    skipped=53   rescued=0    ignored=0   
cs51-21xash601             : ok=50   changed=24   unreachable=0    failed=0    skipped=54   rescued=0    ignored=0   
cs51-21xash602             : ok=44   changed=19   unreachable=0    failed=0    skipped=55   rescued=0    ignored=2   
cs51-21xash603             : ok=44   changed=19   unreachable=0    failed=0    skipped=55   rescued=0    ignored=2   
cs51-21xash604             : ok=46   changed=21   unreachable=0    failed=0    skipped=53   rescued=0    ignored=0   
cs51-21xash605             : ok=46   changed=21   unreachable=0    failed=0    skipped=53   rescued=0    ignored=0   
cs51-22appdsh01            : ok=1    changed=0    unreachable=0    failed=1    skipped=1    rescued=0    ignored=0   
cs51-22hynuml01            : ok=32   changed=10   unreachable=0    failed=0    skipped=42   rescued=0    ignored=1   
cs51-22im01                : ok=25   changed=4    unreachable=0    failed=0    skipped=47   rescued=0    ignored=1   
cs51-50oktst01             : ok=1    changed=0    unreachable=0    failed=1    skipped=1    rescued=0    ignored=0   
cs51-drchef01              : ok=1    changed=0    unreachable=0    failed=1    skipped=1    rescued=0    ignored=0   
cs51-drrepo01              : ok=1    changed=0    unreachable=0    failed=1    skipped=1    rescued=0    ignored=0   
cs51-drrepo02              : ok=1    changed=0    unreachable=0    failed=1    skipped=1    rescued=0    ignored=0   
cs51-drrepo03              : ok=1    changed=0    unreachable=0    failed=1    skipped=1    rescued=0    ignored=0   
cs51-dummy                 : ok=1    changed=0    unreachable=0    failed=1    skipped=1    rescued=0    ignored=0   

JSON Report generated in report.json
HTML Report generated in report.html
Playbook run took 0 days, 0 hours, 6 minutes, 56 seconds
Execute: Wait 40s ...
Execute: python3 host_validation/check_host_list.py


------------------HOST VALIDATION START------------------
Getting elastic "onprem_provisioning/elastic_agents/install_verification" API key from Secret Manager in us-east-2 from account 469620122115.
Getting ansible inventory list for METRICBEAT... 
['cs51-21xash601', 'cs51-21xash602', 'cs51-21xash603', 'cs51-21xash604', 'cs51-21xash605', 'cs51-21xash105', 'cs51-22im01', 'cs51-22hynuml01']
Checking METRICBEAT document count per server for the last 5 mins. in Elastic...
Converting host not in elastic to uppercase and checking for docs..

------------------------Summary for METRICBEAT Start------------------------
Ansible Playbook Version: 1.44.32

Hosts in Elastic and version match: [{"CS51-22IM01:{'1.44.32'}"}, {"CS51-21XASH105:{'1.44.32'}"}, {"CS51-21XASH602:{'1.44.32'}"}, {"CS51-21XASH603:{'1.44.32'}"}, {"CS51-21XASH604:{'1.44.32'}"}, {"CS51-21XASH605:{'1.44.32'}"}, {"CS51-21XASH601:{'1.44.32'}"}]

Hosts in Elastic and version does not match: [{"CS51-22HYNUML01:{'1.19.5'}"}]

Host in Elastic but no playbook field: []

Hosts not in Elastic: []

------------------------Summary for METRICBEAT End------------------------


Getting ansible inventory list for FILEBEAT... 
['cs51-21xash601', 'cs51-21xash602', 'cs51-21xash603', 'cs51-21xash604', 'cs51-21xash605', 'cs51-21xash105']
Checking FILEBEAT document count per server for the last 5 mins. in Elastic...
Converting host not in elastic to uppercase and checking for docs..

------------------------Summary for FILEBEAT Start------------------------
Ansible Playbook Version: 1.44.32

Hosts in Elastic and version match: []

Hosts in Elastic and version does not match: []

Host in Elastic but no playbook field: []

Hosts not in Elastic: ['cs51-21xash603', 'cs51-21xash602', 'cs51-21xash105', 'cs51-21xash605', 'cs51-21xash601', 'cs51-21xash604']

------------------------Summary for FILEBEAT End------------------------


Getting ansible inventory list for WINLOGBEAT... 
['']
Empty host list for WINLOGBEAT so skipping checks...
------------------HOST VALIDATION END------------------


AWS creds will expire at: 2026-02-04T18:02:32Z
Upload report to s3 bucket 'hedgeserv-shd-lz-us-east-2-s3-artifacts'
Completed 851.6 KiB/851.6 KiB (47.3 MiB/s) with 1 file(s) remaining
upload: ../../../../tmp/report.json to s3://hedgeserv-shd-lz-us-east-2-s3-artifacts//report.json
Completed 1.0 MiB/2.1 MiB (63.8 MiB/s) with 1 file(s) remaining
Completed 2.0 MiB/2.1 MiB (29.9 MiB/s) with 1 file(s) remaining
Completed 2.1 MiB/2.1 MiB (18.6 MiB/s) with 1 file(s) remaining
upload: ../../../../tmp/report.html to s3://hedgeserv-shd-lz-us-east-2-s3-artifacts//report.html
https://s3.console.aws.amazon.com/s3/buckets/hedgeserv-shd-lz-us-east-2-s3-artifacts?region=us-east-2&prefix=/&showversions=false

[Container] 2026/02/04 17:11:44.429839 Phase complete: BUILD State: SUCCEEDED
[Container] 2026/02/04 17:11:44.429866 Phase context status code:  Message: 
[Container] 2026/02/04 17:11:44.522772 Entering phase POST_BUILD
[Container] 2026/02/04 17:11:44.523497 Running command echo "Ansible execution completed on `date`"
Ansible execution completed on Wed Feb  4 17:11:44 UTC 2026

[Container] 2026/02/04 17:11:44.531927 Phase complete: POST_BUILD State: SUCCEEDED
[Container] 2026/02/04 17:11:44.531978 Phase context status code:  Message: 
[Container] 2026/02/04 17:11:44.584854 Set report auto-discover timeout to 5 seconds
[Container] 2026/02/04 17:11:44.584895 Expanding base directory path:  .
[Container] 2026/02/04 17:11:44.587218 Assembling file list
[Container] 2026/02/04 17:11:44.587224 Expanding .
[Container] 2026/02/04 17:11:44.589646 Expanding file paths for base directory .
[Container] 2026/02/04 17:11:44.589660 Assembling file list
[Container] 2026/02/04 17:11:44.589662 Expanding **/*
[Container] 2026/02/04 17:11:44.592672 No matching auto-discover report paths found
[Container] 2026/02/04 17:11:44.592688 Report auto-discover file discovery took 0.007834 seconds
[Container] 2026/02/04 17:11:44.592697 Phase complete: UPLOAD_ARTIFACTS State: SUCCEEDED
[Container] 2026/02/04 17:11:44.592702 Phase context status code:  Message: 
